<html>
<head>
<title>TestNG:  smoke Test</title>
<link href="../testng.css" rel="stylesheet" type="text/css" />
<link href="../my-testng.css" rel="stylesheet" type="text/css" />

<style type="text/css">
.log { display: none;} 
.stack-trace { display: none;} 
</style>
<script type="text/javascript">
<!--
function flip(e) {
  current = e.style.display;
  if (current == 'block') {
    e.style.display = 'none';
    return 0;
  }
  else {
    e.style.display = 'block';
    return 1;
  }
}

function toggleBox(szDivId, elem, msg1, msg2)
{
  var res = -1;  if (document.getElementById) {
    res = flip(document.getElementById(szDivId));
  }
  else if (document.all) {
    // this is the way old msie versions work
    res = flip(document.all[szDivId]);
  }
  if(elem) {
    if(res == 0) elem.innerHTML = msg1; else elem.innerHTML = msg2;
  }

}

function toggleAllBoxes() {
  if (document.getElementsByTagName) {
    d = document.getElementsByTagName('div');
    for (i = 0; i < d.length; i++) {
      if (d[i].className == 'log') {
        flip(d[i]);
      }
    }
  }
}

// -->
</script>

</head>
<body>
<h2 align='center'>smoke Test</h2><table border='1' align="center">
<tr>
<td>Tests passed/Failed/Skipped:</td><td>1/2/0</td>
</tr><tr>
<td>Started on:</td><td>Tue Dec 13 23:11:49 AEST 2022</td>
</tr>
<tr><td>Total time:</td><td>90 seconds (90011 ms)</td>
</tr><tr>
<td>Included groups:</td><td>smoke </td>
</tr><tr>
<td>Excluded groups:</td><td></td>
</tr>
</table><p/>
<small><i>(Hover the method name to see the test class name)</i></small><p/>
<table width='100%' border='1' class='invocation-failed'>
<tr><td colspan='4' align='center'><b>FAILED TESTS</b></td></tr>
<tr><td><b>Test method</b></td>
<td width="30%"><b>Exception</b></td>
<td width="10%"><b>Time (seconds)</b></td>
<td><b>Instance</b></td>
</tr>
<tr>
<td title='com.nopcommerce.demo.testsuite.ElectronicsTest.verifyThatTheProductAddedSuccessfullyAndPlaceOrderSuccessfully()'><b>verifyThatTheProductAddedSuccessfullyAndPlaceOrderSuccessfully</b><br>Test class: com.nopcommerce.demo.testsuite.ElectronicsTest<br/>
<a href="#Output-874740624" onClick='toggleBox("Output-874740624", this, "Show output", "Hide output");'>Show output</a>

<a href="#Output-874740624" onClick="toggleAllBoxes();">Show all outputs</a>
<div class='log' id="Output-874740624">
Mouse Hover On Electronics[[ChromeDriver: chrome on WINDOWS (dcae3a5b5d54f25ac99c73d5bdcb840b)] -> xpath: //div/ul[@class='top-menu notmobile']/li[2]/a[@href='/electronics']]<br/>
Click On Cell Phone[[ChromeDriver: chrome on WINDOWS (dcae3a5b5d54f25ac99c73d5bdcb840b)] -> xpath: //body[1]/div[6]/div[2]/ul[1]/li[2]/ul[1]/li[2]/a[1]]<br/>
Get Text cell Phones[[ChromeDriver: chrome on WINDOWS (dcae3a5b5d54f25ac99c73d5bdcb840b)] -> xpath: //div[@class='page-title']/h1[text() = 'Cell phones']]<br/>
Click On List View[[ChromeDriver: chrome on WINDOWS (dcae3a5b5d54f25ac99c73d5bdcb840b)] -> xpath: //div/a[text()='List']]<br/>
Click On Nokia Lumia[[ChromeDriver: chrome on WINDOWS (dcae3a5b5d54f25ac99c73d5bdcb840b)] -> xpath: //h2/a[text()='Nokia Lumia 1020']]<br/>
Verify Nokia Lumia Text[[ChromeDriver: chrome on WINDOWS (dcae3a5b5d54f25ac99c73d5bdcb840b)] -> xpath: //h1[contains(text(),'Nokia Lumia 1020')]]<br/>
Verify Nokia Price[[ChromeDriver: chrome on WINDOWS (dcae3a5b5d54f25ac99c73d5bdcb840b)] -> xpath: //span[@id='price-value-20']]<br/>
Change Quantity<br/>
Click on Cart[[ChromeDriver: chrome on WINDOWS (dcae3a5b5d54f25ac99c73d5bdcb840b)] -> css selector: #add-to-cart-button-20]<br/>
Product Added To The Cart Message[[ChromeDriver: chrome on WINDOWS (dcae3a5b5d54f25ac99c73d5bdcb840b)] -> xpath: //body/div[@id='bar-notification']/div[1]/p[1]]<br/>
Click on Cross Button[[ChromeDriver: chrome on WINDOWS (dcae3a5b5d54f25ac99c73d5bdcb840b)] -> xpath: //body/div[@id='bar-notification']/div[1]/span[1]]<br/>
Click on Shopping cart link[[ChromeDriver: chrome on WINDOWS (dcae3a5b5d54f25ac99c73d5bdcb840b)] -> xpath: //button[contains(text(),'Go to cart')]]<br/>
Verify shopping cart text[[ChromeDriver: chrome on WINDOWS (dcae3a5b5d54f25ac99c73d5bdcb840b)] -> xpath: //div[@class='page-title']/h1[contains(text(),'Shopping cart')]]<br/>
verify Product Quantity[[ChromeDriver: chrome on WINDOWS (dcae3a5b5d54f25ac99c73d5bdcb840b)] -> xpath: //td[@class='quantity']/child::input]<br/>
Verify total Price[[ChromeDriver: chrome on WINDOWS (dcae3a5b5d54f25ac99c73d5bdcb840b)] -> xpath: //tbody/tr[1]/td[6]/span[1]]<br/>
Click Term Of Services[[ChromeDriver: chrome on WINDOWS (dcae3a5b5d54f25ac99c73d5bdcb840b)] -> xpath: //tbody/tr[1]/td[6]/span[1]]<br/>
Click On Check out[[ChromeDriver: chrome on WINDOWS (dcae3a5b5d54f25ac99c73d5bdcb840b)] -> xpath: //button[@id='checkout']]<br/>
Verify WelCome Text[[ChromeDriver: chrome on WINDOWS (dcae3a5b5d54f25ac99c73d5bdcb840b)] -> xpath: //h1[text()='Welcome, Please Sign In!']]<br/>
click On As Register Button[[ChromeDriver: chrome on WINDOWS (dcae3a5b5d54f25ac99c73d5bdcb840b)] -> xpath: //button[contains(text(),'Register')]]<br/>
verify Register Text[[ChromeDriver: chrome on WINDOWS (dcae3a5b5d54f25ac99c73d5bdcb840b)] -> xpath: //h1[contains(text(),'Register')]]<br/>
Enter First Name[[ChromeDriver: chrome on WINDOWS (dcae3a5b5d54f25ac99c73d5bdcb840b)] -> id: FirstName]<br/>
Enter Last Name[[ChromeDriver: chrome on WINDOWS (dcae3a5b5d54f25ac99c73d5bdcb840b)] -> id: LastName]<br/>
Enter Email[[ChromeDriver: chrome on WINDOWS (dcae3a5b5d54f25ac99c73d5bdcb840b)] -> id: Email]<br/>
Enter Password[[ChromeDriver: chrome on WINDOWS (dcae3a5b5d54f25ac99c73d5bdcb840b)] -> id: Password]<br/>
Enter Confirm Password[[ChromeDriver: chrome on WINDOWS (dcae3a5b5d54f25ac99c73d5bdcb840b)] -> id: ConfirmPassword]<br/>
Click on Register button[[ChromeDriver: chrome on WINDOWS (dcae3a5b5d54f25ac99c73d5bdcb840b)] -> id: register-button]<br/>
Registration Page TextProxy element for: DefaultElementLocator 'By.xpath: //div[contains(text(),'Your registration completed')]'<br/>
Click to see screenshot<br/>
<a target = "_blank" href=C:\Users\sunil\IdeaProjects\nopcommerce-page-factory-sunil/test-output/html/verifyThatTheProductAddedSuccessfullyAndPlaceOrderSuccessfullyTue_Dec_13_23_12_41_AEST_2022.jpg>Screenshot</a><br/>
<br><br/>
<br><br/>
<a target = "_blank" href=C:\Users\sunil\IdeaProjects\nopcommerce-page-factory-sunil/test-output/html/verifyThatTheProductAddedSuccessfullyAndPlaceOrderSuccessfullyTue_Dec_13_23_12_41_AEST_2022.jpg><img src=C:\Users\sunil\IdeaProjects\nopcommerce-page-factory-sunil/test-output/html/verifyThatTheProductAddedSuccessfullyAndPlaceOrderSuccessfullyTue_Dec_13_23_12_41_AEST_2022.jpg height=200 width=200></img></a><br/>
</div>
</td>
<td><div><pre>org.openqa.selenium.NoSuchElementException: no such element: Unable to locate element: {&quot;method&quot;:&quot;xpath&quot;,&quot;selector&quot;:&quot;//div[contains(text(),&apos;Your registration completed&apos;)]&quot;}
  (Session info: chrome=108.0.5359.99)
For documentation on this error, please visit: https://selenium.dev/exceptions/#no_such_element
Build info: version: &apos;4.6.0&apos;, revision: &apos;79f1c02ae20&apos;
System info: os.name: &apos;Windows 10&apos;, os.arch: &apos;amd64&apos;, os.version: &apos;10.0&apos;, java.version: &apos;1.8.0_121&apos;
Driver info: org.openqa.selenium.chrome.ChromeDriver
Command: [dcae3a5b5d54f25ac99c73d5bdcb840b, findElement {using=xpath, value=//div[contains(text(),&apos;Your registration completed&apos;)]}]
Capabilities {acceptInsecureCerts: false, browserName: chrome, browserVersion: 108.0.5359.99, chrome: {chromedriverVersion: 108.0.5359.71 (1e0e3868ee06..., userDataDir: C:\Users\sunil\AppData\Loca...}, goog:chromeOptions: {debuggerAddress: localhost:55449}, networkConnectionEnabled: false, pageLoadStrategy: normal, platformName: WINDOWS, proxy: Proxy(), se:cdp: ws://localhost:55449/devtoo..., se:cdpVersion: 108.0.5359.99, setWindowRect: true, strictFileInteractability: false, timeouts: {implicit: 0, pageLoad: 300000, script: 30000}, unhandledPromptBehavior: dismiss and notify, webauthn:extension:credBlob: true, webauthn:extension:largeBlob: true, webauthn:virtualAuthenticators: true}
Session ID: dcae3a5b5d54f25ac99c73d5bdcb840b
	at org.openqa.selenium.remote.codec.w3c.W3CHttpResponseCodec.createException(W3CHttpResponseCodec.java:200)
	at org.openqa.selenium.remote.codec.w3c.W3CHttpResponseCodec.decode(W3CHttpResponseCodec.java:133)
	at org.openqa.selenium.remote.codec.w3c.W3CHttpResponseCodec.decode(W3CHttpResponseCodec.java:53)
	at org.openqa.selenium.remote.HttpCommandExecutor.execute(HttpCommandExecutor.java:184)
	at org.openqa.selenium.remote.service.DriverCommandExecutor.invokeExecute(DriverCommandExecutor.java:167)
	at org.openqa.selenium.remote.service.DriverCommandExecutor.execute(DriverCommandExecutor.java:142)
	at org.openqa.selenium.remote.RemoteWebDriver.execute(RemoteWebDriver.java:541)
	at org.openqa.selenium.remote.ElementLocation$ElementFinder$2.findElement(ElementLocation.java:162)
	at org.openqa.selenium.remote.ElementLocation.findElement(ElementLocation.java:60)
	at org.openqa.selenium.remote.RemoteWebDriver.findElement(RemoteWebDriver.java:365)
	at org.openqa.selenium.remote.RemoteWebDriver.findElement(RemoteWebDriver.java:357)
	at org.openqa.selenium.support.pagefactory.DefaultElementLocator.findElement(DefaultElementLocator.java:70)
	at org.openqa.selenium.support.pagefactory.internal.LocatingElementHandler.invoke(LocatingElementHandler.java:39)
	at com.sun.proxy.$Proxy15.getText(Unknown Source)
	at com.nopcommerce.demo.utility.Utility.getTextFromElement(Utility.java:78)
	at com.nopcommerce.demo.pages.RegisterPage.verifyRegistrationText(RegisterPage.java:84)
	at com.nopcommerce.demo.testsuite.ElectronicsTest.verifyThatTheProductAddedSuccessfullyAndPlaceOrderSuccessfully(ElectronicsTest.java:80)
	at java.util.ArrayList.forEach(ArrayList.java:1249)
	at com.intellij.rt.testng.IDEARemoteTestNG.run(IDEARemoteTestNG.java:66)
	at com.intellij.rt.testng.RemoteTestNGStarter.main(RemoteTestNGStarter.java:109)
... Removed 28 stack frames</pre></div><a href='#' onClick='toggleBox("stack-trace874740624", this, "Click to show all stack frames", "Click to hide stack frames")'>Click to show all stack frames</a>
<div class='stack-trace' id='stack-trace874740624'><pre>org.openqa.selenium.NoSuchElementException: no such element: Unable to locate element: {&quot;method&quot;:&quot;xpath&quot;,&quot;selector&quot;:&quot;//div[contains(text(),&apos;Your registration completed&apos;)]&quot;}
  (Session info: chrome=108.0.5359.99)
For documentation on this error, please visit: https://selenium.dev/exceptions/#no_such_element
Build info: version: &apos;4.6.0&apos;, revision: &apos;79f1c02ae20&apos;
System info: os.name: &apos;Windows 10&apos;, os.arch: &apos;amd64&apos;, os.version: &apos;10.0&apos;, java.version: &apos;1.8.0_121&apos;
Driver info: org.openqa.selenium.chrome.ChromeDriver
Command: [dcae3a5b5d54f25ac99c73d5bdcb840b, findElement {using=xpath, value=//div[contains(text(),&apos;Your registration completed&apos;)]}]
Capabilities {acceptInsecureCerts: false, browserName: chrome, browserVersion: 108.0.5359.99, chrome: {chromedriverVersion: 108.0.5359.71 (1e0e3868ee06..., userDataDir: C:\Users\sunil\AppData\Loca...}, goog:chromeOptions: {debuggerAddress: localhost:55449}, networkConnectionEnabled: false, pageLoadStrategy: normal, platformName: WINDOWS, proxy: Proxy(), se:cdp: ws://localhost:55449/devtoo..., se:cdpVersion: 108.0.5359.99, setWindowRect: true, strictFileInteractability: false, timeouts: {implicit: 0, pageLoad: 300000, script: 30000}, unhandledPromptBehavior: dismiss and notify, webauthn:extension:credBlob: true, webauthn:extension:largeBlob: true, webauthn:virtualAuthenticators: true}
Session ID: dcae3a5b5d54f25ac99c73d5bdcb840b
	at sun.reflect.NativeConstructorAccessorImpl.newInstance0(Native Method)
	at sun.reflect.NativeConstructorAccessorImpl.newInstance(NativeConstructorAccessorImpl.java:62)
	at sun.reflect.DelegatingConstructorAccessorImpl.newInstance(DelegatingConstructorAccessorImpl.java:45)
	at java.lang.reflect.Constructor.newInstance(Constructor.java:423)
	at org.openqa.selenium.remote.codec.w3c.W3CHttpResponseCodec.createException(W3CHttpResponseCodec.java:200)
	at org.openqa.selenium.remote.codec.w3c.W3CHttpResponseCodec.decode(W3CHttpResponseCodec.java:133)
	at org.openqa.selenium.remote.codec.w3c.W3CHttpResponseCodec.decode(W3CHttpResponseCodec.java:53)
	at org.openqa.selenium.remote.HttpCommandExecutor.execute(HttpCommandExecutor.java:184)
	at org.openqa.selenium.remote.service.DriverCommandExecutor.invokeExecute(DriverCommandExecutor.java:167)
	at org.openqa.selenium.remote.service.DriverCommandExecutor.execute(DriverCommandExecutor.java:142)
	at org.openqa.selenium.remote.RemoteWebDriver.execute(RemoteWebDriver.java:541)
	at org.openqa.selenium.remote.ElementLocation$ElementFinder$2.findElement(ElementLocation.java:162)
	at org.openqa.selenium.remote.ElementLocation.findElement(ElementLocation.java:60)
	at org.openqa.selenium.remote.RemoteWebDriver.findElement(RemoteWebDriver.java:365)
	at org.openqa.selenium.remote.RemoteWebDriver.findElement(RemoteWebDriver.java:357)
	at org.openqa.selenium.support.pagefactory.DefaultElementLocator.findElement(DefaultElementLocator.java:70)
	at org.openqa.selenium.support.pagefactory.internal.LocatingElementHandler.invoke(LocatingElementHandler.java:39)
	at com.sun.proxy.$Proxy15.getText(Unknown Source)
	at com.nopcommerce.demo.utility.Utility.getTextFromElement(Utility.java:78)
	at com.nopcommerce.demo.pages.RegisterPage.verifyRegistrationText(RegisterPage.java:84)
	at com.nopcommerce.demo.testsuite.ElectronicsTest.verifyThatTheProductAddedSuccessfullyAndPlaceOrderSuccessfully(ElectronicsTest.java:80)
	at sun.reflect.NativeMethodAccessorImpl.invoke0(Native Method)
	at sun.reflect.NativeMethodAccessorImpl.invoke(NativeMethodAccessorImpl.java:62)
	at sun.reflect.DelegatingMethodAccessorImpl.invoke(DelegatingMethodAccessorImpl.java:43)
	at java.lang.reflect.Method.invoke(Method.java:498)
	at org.testng.internal.invokers.MethodInvocationHelper.invokeMethod(MethodInvocationHelper.java:135)
	at org.testng.internal.invokers.TestInvoker.invokeMethod(TestInvoker.java:673)
	at org.testng.internal.invokers.TestInvoker.invokeTestMethod(TestInvoker.java:220)
	at org.testng.internal.invokers.MethodRunner.runInSequence(MethodRunner.java:50)
	at org.testng.internal.invokers.TestInvoker$MethodInvocationAgent.invoke(TestInvoker.java:945)
	at org.testng.internal.invokers.TestInvoker.invokeTestMethods(TestInvoker.java:193)
	at org.testng.internal.invokers.TestMethodWorker.invokeTestMethods(TestMethodWorker.java:146)
	at org.testng.internal.invokers.TestMethodWorker.run(TestMethodWorker.java:128)
	at java.util.ArrayList.forEach(ArrayList.java:1249)
	at org.testng.TestRunner.privateRun(TestRunner.java:808)
	at org.testng.TestRunner.run(TestRunner.java:603)
	at org.testng.SuiteRunner.runTest(SuiteRunner.java:429)
	at org.testng.SuiteRunner.runSequentially(SuiteRunner.java:423)
	at org.testng.SuiteRunner.privateRun(SuiteRunner.java:383)
	at org.testng.SuiteRunner.run(SuiteRunner.java:326)
	at org.testng.SuiteRunnerWorker.runSuite(SuiteRunnerWorker.java:52)
	at org.testng.SuiteRunnerWorker.run(SuiteRunnerWorker.java:95)
	at org.testng.TestNG.runSuitesSequentially(TestNG.java:1249)
	at org.testng.TestNG.runSuitesLocally(TestNG.java:1169)
	at org.testng.TestNG.runSuites(TestNG.java:1092)
	at org.testng.TestNG.run(TestNG.java:1060)
	at com.intellij.rt.testng.IDEARemoteTestNG.run(IDEARemoteTestNG.java:66)
	at com.intellij.rt.testng.RemoteTestNGStarter.main(RemoteTestNGStarter.java:109)
</pre></div></td>
<td>47</td>
<td>com.nopcommerce.demo.testsuite.ElectronicsTest@4d1b0d2a</td></tr>
<tr>
<td title='com.nopcommerce.demo.testsuite.ComputerTest.verifyProductAddedToShoppingCartSuccessFully()'><b>verifyProductAddedToShoppingCartSuccessFully</b><br>Test class: com.nopcommerce.demo.testsuite.ComputerTest<br/>
<a href="#Output-774095232" onClick='toggleBox("Output-774095232", this, "Show output", "Hide output");'>Show output</a>

<a href="#Output-774095232" onClick="toggleAllBoxes();">Show all outputs</a>
<div class='log' id="Output-774095232">
selectMenu<br/>
Click on desktop[[ChromeDriver: chrome on WINDOWS (88383d3e745bd31af2e9be64eab7e709)] -> link text: Desktops]<br/>
Select Sort By Name[[ChromeDriver: chrome on WINDOWS (88383d3e745bd31af2e9be64eab7e709)] -> name: products-orderby]<br/>
Click On Add To Cart[[ChromeDriver: chrome on WINDOWS (88383d3e745bd31af2e9be64eab7e709)] -> xpath: //body/div[6]/div[3]/div[1]/div[3]/div[1]/div[2]/div[2]/div[2]/div[1]/div[1]/div[1]/div[1]/div[1]/a[1]/img[1]]<br/>
Get Text Message[[ChromeDriver: chrome on WINDOWS (88383d3e745bd31af2e9be64eab7e709)] -> xpath: //h1[contains(text(),'Build your own computer')]]<br/>
Select on Processor Name[[ChromeDriver: chrome on WINDOWS (88383d3e745bd31af2e9be64eab7e709)] -> name: product_attribute_1]<br/>
Select Ram[[ChromeDriver: chrome on WINDOWS (88383d3e745bd31af2e9be64eab7e709)] -> name: product_attribute_2]<br/>
Select HDD[[ChromeDriver: chrome on WINDOWS (88383d3e745bd31af2e9be64eab7e709)] -> xpath: //input[@id='product_attribute_3_7']]<br/>
Select OS[[ChromeDriver: chrome on WINDOWS (88383d3e745bd31af2e9be64eab7e709)] -> xpath: //input[@id='product_attribute_4_9']]<br/>
Select software[[ChromeDriver: chrome on WINDOWS (88383d3e745bd31af2e9be64eab7e709)] -> xpath: //input[@id='product_attribute_5_12']]<br/>
Verify Price[[ChromeDriver: chrome on WINDOWS (88383d3e745bd31af2e9be64eab7e709)] -> xpath: //span[text() = '$1,475.00']]<br/>
Click on Cart Button[[ChromeDriver: chrome on WINDOWS (88383d3e745bd31af2e9be64eab7e709)] -> xpath: //button[@id='add-to-cart-button-1']]<br/>
Verify Message on Top Green Bar[[ChromeDriver: chrome on WINDOWS (88383d3e745bd31af2e9be64eab7e709)] -> xpath: //body[1]/div[5]/div[1]/p[1]]<br/>
Click on Close Bar[[ChromeDriver: chrome on WINDOWS (88383d3e745bd31af2e9be64eab7e709)] -> xpath: //body[1]/div[5]/div[1]/span[1]]<br/>
Mouse Hover On Shopping Cart[[ChromeDriver: chrome on WINDOWS (88383d3e745bd31af2e9be64eab7e709)] -> xpath: //span[contains(text(),'Shopping cart')]]<br/>
Click On Shopping Cart[[ChromeDriver: chrome on WINDOWS (88383d3e745bd31af2e9be64eab7e709)] -> xpath: //button[contains(text(),'Go to cart')]]<br/>
Click to see screenshot<br/>
<a target = "_blank" href=C:\Users\sunil\IdeaProjects\nopcommerce-page-factory-sunil/test-output/html/verifyProductAddedToShoppingCartSuccessFullyTue_Dec_13_23_13_18_AEST_2022.jpg>Screenshot</a><br/>
<br><br/>
<br><br/>
<a target = "_blank" href=C:\Users\sunil\IdeaProjects\nopcommerce-page-factory-sunil/test-output/html/verifyProductAddedToShoppingCartSuccessFullyTue_Dec_13_23_13_18_AEST_2022.jpg><img src=C:\Users\sunil\IdeaProjects\nopcommerce-page-factory-sunil/test-output/html/verifyProductAddedToShoppingCartSuccessFullyTue_Dec_13_23_13_18_AEST_2022.jpg height=200 width=200></img></a><br/>
</div>
</td>
<td><div><pre>org.openqa.selenium.ElementNotInteractableException: element not interactable
  (Session info: chrome=108.0.5359.99)
Build info: version: &apos;4.6.0&apos;, revision: &apos;79f1c02ae20&apos;
System info: os.name: &apos;Windows 10&apos;, os.arch: &apos;amd64&apos;, os.version: &apos;10.0&apos;, java.version: &apos;1.8.0_121&apos;
Driver info: org.openqa.selenium.chrome.ChromeDriver
Command: [88383d3e745bd31af2e9be64eab7e709, clickElement {id=5ca0bf53-5513-4175-acca-2b2dbe2d4c46}]
Capabilities {acceptInsecureCerts: false, browserName: chrome, browserVersion: 108.0.5359.99, chrome: {chromedriverVersion: 108.0.5359.71 (1e0e3868ee06..., userDataDir: C:\Users\sunil\AppData\Loca...}, goog:chromeOptions: {debuggerAddress: localhost:55645}, networkConnectionEnabled: false, pageLoadStrategy: normal, platformName: WINDOWS, proxy: Proxy(), se:cdp: ws://localhost:55645/devtoo..., se:cdpVersion: 108.0.5359.99, setWindowRect: true, strictFileInteractability: false, timeouts: {implicit: 0, pageLoad: 300000, script: 30000}, unhandledPromptBehavior: dismiss and notify, webauthn:extension:credBlob: true, webauthn:extension:largeBlob: true, webauthn:virtualAuthenticators: true}
Element: [[ChromeDriver: chrome on WINDOWS (88383d3e745bd31af2e9be64eab7e709)] -&gt; xpath: //button[contains(text(),&apos;Go to cart&apos;)]]
Session ID: 88383d3e745bd31af2e9be64eab7e709
	at org.openqa.selenium.remote.codec.w3c.W3CHttpResponseCodec.createException(W3CHttpResponseCodec.java:200)
	at org.openqa.selenium.remote.codec.w3c.W3CHttpResponseCodec.decode(W3CHttpResponseCodec.java:133)
	at org.openqa.selenium.remote.codec.w3c.W3CHttpResponseCodec.decode(W3CHttpResponseCodec.java:53)
	at org.openqa.selenium.remote.HttpCommandExecutor.execute(HttpCommandExecutor.java:184)
	at org.openqa.selenium.remote.service.DriverCommandExecutor.invokeExecute(DriverCommandExecutor.java:167)
	at org.openqa.selenium.remote.service.DriverCommandExecutor.execute(DriverCommandExecutor.java:142)
	at org.openqa.selenium.remote.RemoteWebDriver.execute(RemoteWebDriver.java:541)
	at org.openqa.selenium.remote.RemoteWebElement.execute(RemoteWebElement.java:257)
	at org.openqa.selenium.remote.RemoteWebElement.click(RemoteWebElement.java:78)
	at org.openqa.selenium.support.pagefactory.internal.LocatingElementHandler.invoke(LocatingElementHandler.java:52)
	at com.sun.proxy.$Proxy15.click(Unknown Source)
	at com.nopcommerce.demo.utility.Utility.clickOnElement(Utility.java:67)
	at com.nopcommerce.demo.pages.BuildYourOwnComputerPage.clickOnShoppingCart(BuildYourOwnComputerPage.java:129)
	at com.nopcommerce.demo.testsuite.ComputerTest.verifyProductAddedToShoppingCartSuccessFully(ComputerTest.java:71)
	at java.util.ArrayList.forEach(ArrayList.java:1249)
	at com.intellij.rt.testng.IDEARemoteTestNG.run(IDEARemoteTestNG.java:66)
	at com.intellij.rt.testng.RemoteTestNGStarter.main(RemoteTestNGStarter.java:109)
... Removed 31 stack frames</pre></div><a href='#' onClick='toggleBox("stack-trace774095232", this, "Click to show all stack frames", "Click to hide stack frames")'>Click to show all stack frames</a>
<div class='stack-trace' id='stack-trace774095232'><pre>org.openqa.selenium.ElementNotInteractableException: element not interactable
  (Session info: chrome=108.0.5359.99)
Build info: version: &apos;4.6.0&apos;, revision: &apos;79f1c02ae20&apos;
System info: os.name: &apos;Windows 10&apos;, os.arch: &apos;amd64&apos;, os.version: &apos;10.0&apos;, java.version: &apos;1.8.0_121&apos;
Driver info: org.openqa.selenium.chrome.ChromeDriver
Command: [88383d3e745bd31af2e9be64eab7e709, clickElement {id=5ca0bf53-5513-4175-acca-2b2dbe2d4c46}]
Capabilities {acceptInsecureCerts: false, browserName: chrome, browserVersion: 108.0.5359.99, chrome: {chromedriverVersion: 108.0.5359.71 (1e0e3868ee06..., userDataDir: C:\Users\sunil\AppData\Loca...}, goog:chromeOptions: {debuggerAddress: localhost:55645}, networkConnectionEnabled: false, pageLoadStrategy: normal, platformName: WINDOWS, proxy: Proxy(), se:cdp: ws://localhost:55645/devtoo..., se:cdpVersion: 108.0.5359.99, setWindowRect: true, strictFileInteractability: false, timeouts: {implicit: 0, pageLoad: 300000, script: 30000}, unhandledPromptBehavior: dismiss and notify, webauthn:extension:credBlob: true, webauthn:extension:largeBlob: true, webauthn:virtualAuthenticators: true}
Element: [[ChromeDriver: chrome on WINDOWS (88383d3e745bd31af2e9be64eab7e709)] -&gt; xpath: //button[contains(text(),&apos;Go to cart&apos;)]]
Session ID: 88383d3e745bd31af2e9be64eab7e709
	at sun.reflect.NativeConstructorAccessorImpl.newInstance0(Native Method)
	at sun.reflect.NativeConstructorAccessorImpl.newInstance(NativeConstructorAccessorImpl.java:62)
	at sun.reflect.DelegatingConstructorAccessorImpl.newInstance(DelegatingConstructorAccessorImpl.java:45)
	at java.lang.reflect.Constructor.newInstance(Constructor.java:423)
	at org.openqa.selenium.remote.codec.w3c.W3CHttpResponseCodec.createException(W3CHttpResponseCodec.java:200)
	at org.openqa.selenium.remote.codec.w3c.W3CHttpResponseCodec.decode(W3CHttpResponseCodec.java:133)
	at org.openqa.selenium.remote.codec.w3c.W3CHttpResponseCodec.decode(W3CHttpResponseCodec.java:53)
	at org.openqa.selenium.remote.HttpCommandExecutor.execute(HttpCommandExecutor.java:184)
	at org.openqa.selenium.remote.service.DriverCommandExecutor.invokeExecute(DriverCommandExecutor.java:167)
	at org.openqa.selenium.remote.service.DriverCommandExecutor.execute(DriverCommandExecutor.java:142)
	at org.openqa.selenium.remote.RemoteWebDriver.execute(RemoteWebDriver.java:541)
	at org.openqa.selenium.remote.RemoteWebElement.execute(RemoteWebElement.java:257)
	at org.openqa.selenium.remote.RemoteWebElement.click(RemoteWebElement.java:78)
	at sun.reflect.GeneratedMethodAccessor2.invoke(Unknown Source)
	at sun.reflect.DelegatingMethodAccessorImpl.invoke(DelegatingMethodAccessorImpl.java:43)
	at java.lang.reflect.Method.invoke(Method.java:498)
	at org.openqa.selenium.support.pagefactory.internal.LocatingElementHandler.invoke(LocatingElementHandler.java:52)
	at com.sun.proxy.$Proxy15.click(Unknown Source)
	at com.nopcommerce.demo.utility.Utility.clickOnElement(Utility.java:67)
	at com.nopcommerce.demo.pages.BuildYourOwnComputerPage.clickOnShoppingCart(BuildYourOwnComputerPage.java:129)
	at com.nopcommerce.demo.testsuite.ComputerTest.verifyProductAddedToShoppingCartSuccessFully(ComputerTest.java:71)
	at sun.reflect.NativeMethodAccessorImpl.invoke0(Native Method)
	at sun.reflect.NativeMethodAccessorImpl.invoke(NativeMethodAccessorImpl.java:62)
	at sun.reflect.DelegatingMethodAccessorImpl.invoke(DelegatingMethodAccessorImpl.java:43)
	at java.lang.reflect.Method.invoke(Method.java:498)
	at org.testng.internal.invokers.MethodInvocationHelper.invokeMethod(MethodInvocationHelper.java:135)
	at org.testng.internal.invokers.TestInvoker.invokeMethod(TestInvoker.java:673)
	at org.testng.internal.invokers.TestInvoker.invokeTestMethod(TestInvoker.java:220)
	at org.testng.internal.invokers.MethodRunner.runInSequence(MethodRunner.java:50)
	at org.testng.internal.invokers.TestInvoker$MethodInvocationAgent.invoke(TestInvoker.java:945)
	at org.testng.internal.invokers.TestInvoker.invokeTestMethods(TestInvoker.java:193)
	at org.testng.internal.invokers.TestMethodWorker.invokeTestMethods(TestMethodWorker.java:146)
	at org.testng.internal.invokers.TestMethodWorker.run(TestMethodWorker.java:128)
	at java.util.ArrayList.forEach(ArrayList.java:1249)
	at org.testng.TestRunner.privateRun(TestRunner.java:808)
	at org.testng.TestRunner.run(TestRunner.java:603)
	at org.testng.SuiteRunner.runTest(SuiteRunner.java:429)
	at org.testng.SuiteRunner.runSequentially(SuiteRunner.java:423)
	at org.testng.SuiteRunner.privateRun(SuiteRunner.java:383)
	at org.testng.SuiteRunner.run(SuiteRunner.java:326)
	at org.testng.SuiteRunnerWorker.runSuite(SuiteRunnerWorker.java:52)
	at org.testng.SuiteRunnerWorker.run(SuiteRunnerWorker.java:95)
	at org.testng.TestNG.runSuitesSequentially(TestNG.java:1249)
	at org.testng.TestNG.runSuitesLocally(TestNG.java:1169)
	at org.testng.TestNG.runSuites(TestNG.java:1092)
	at org.testng.TestNG.run(TestNG.java:1060)
	at com.intellij.rt.testng.IDEARemoteTestNG.run(IDEARemoteTestNG.java:66)
	at com.intellij.rt.testng.RemoteTestNGStarter.main(RemoteTestNGStarter.java:109)
</pre></div></td>
<td>28</td>
<td>com.nopcommerce.demo.testsuite.ComputerTest@543788f3</td></tr>
</table><p>
<table width='100%' border='1' class='invocation-passed'>
<tr><td colspan='4' align='center'><b>PASSED TESTS</b></td></tr>
<tr><td><b>Test method</b></td>
<td width="30%"><b>Exception</b></td>
<td width="10%"><b>Time (seconds)</b></td>
<td><b>Instance</b></td>
</tr>
<tr>
<td title='com.nopcommerce.demo.testsuite.HomePageTest.verifyPageNavigationElectronics()'><b>verifyPageNavigationElectronics</b><br>Test class: com.nopcommerce.demo.testsuite.HomePageTest<br/>
<a href="#Output-1740708279" onClick='toggleBox("Output-1740708279", this, "Show output", "Hide output");'>Show output</a>

<a href="#Output-1740708279" onClick="toggleAllBoxes();">Show all outputs</a>
<div class='log' id="Output-1740708279">
selectMenu<br/>
</div>
</td>
<td></td>
<td>0</td>
<td>com.nopcommerce.demo.testsuite.HomePageTest@4ae82894</td></tr>
</table><p>
</body>
</html>