<?xml version="1.0" encoding="UTF-8"?>
<testng-results skipped="0" failed="2" ignored="8" total="11" passed="1">
  <reporter-output>
    <line>
      <![CDATA[Mouse Hover On Electronics[[ChromeDriver: chrome on WINDOWS (dcae3a5b5d54f25ac99c73d5bdcb840b)] -> xpath: //div/ul[@class='top-menu notmobile']/li[2]/a[@href='/electronics']]]]>
    </line>
    <line>
      <![CDATA[Click On Cell Phone[[ChromeDriver: chrome on WINDOWS (dcae3a5b5d54f25ac99c73d5bdcb840b)] -> xpath: //body[1]/div[6]/div[2]/ul[1]/li[2]/ul[1]/li[2]/a[1]]]]>
    </line>
    <line>
      <![CDATA[Get Text cell Phones[[ChromeDriver: chrome on WINDOWS (dcae3a5b5d54f25ac99c73d5bdcb840b)] -> xpath: //div[@class='page-title']/h1[text() = 'Cell phones']]]]>
    </line>
    <line>
      <![CDATA[Click On List View[[ChromeDriver: chrome on WINDOWS (dcae3a5b5d54f25ac99c73d5bdcb840b)] -> xpath: //div/a[text()='List']]]]>
    </line>
    <line>
      <![CDATA[Click On Nokia Lumia[[ChromeDriver: chrome on WINDOWS (dcae3a5b5d54f25ac99c73d5bdcb840b)] -> xpath: //h2/a[text()='Nokia Lumia 1020']]]]>
    </line>
    <line>
      <![CDATA[Verify Nokia Lumia Text[[ChromeDriver: chrome on WINDOWS (dcae3a5b5d54f25ac99c73d5bdcb840b)] -> xpath: //h1[contains(text(),'Nokia Lumia 1020')]]]]>
    </line>
    <line>
      <![CDATA[Verify Nokia Price[[ChromeDriver: chrome on WINDOWS (dcae3a5b5d54f25ac99c73d5bdcb840b)] -> xpath: //span[@id='price-value-20']]]]>
    </line>
    <line>
      <![CDATA[Change Quantity]]>
    </line>
    <line>
      <![CDATA[Click on Cart[[ChromeDriver: chrome on WINDOWS (dcae3a5b5d54f25ac99c73d5bdcb840b)] -> css selector: #add-to-cart-button-20]]]>
    </line>
    <line>
      <![CDATA[Product Added To The Cart Message[[ChromeDriver: chrome on WINDOWS (dcae3a5b5d54f25ac99c73d5bdcb840b)] -> xpath: //body/div[@id='bar-notification']/div[1]/p[1]]]]>
    </line>
    <line>
      <![CDATA[Click on Cross Button[[ChromeDriver: chrome on WINDOWS (dcae3a5b5d54f25ac99c73d5bdcb840b)] -> xpath: //body/div[@id='bar-notification']/div[1]/span[1]]]]>
    </line>
    <line>
      <![CDATA[Click on Shopping cart link[[ChromeDriver: chrome on WINDOWS (dcae3a5b5d54f25ac99c73d5bdcb840b)] -> xpath: //button[contains(text(),'Go to cart')]]]]>
    </line>
    <line>
      <![CDATA[Verify shopping cart text[[ChromeDriver: chrome on WINDOWS (dcae3a5b5d54f25ac99c73d5bdcb840b)] -> xpath: //div[@class='page-title']/h1[contains(text(),'Shopping cart')]]]]>
    </line>
    <line>
      <![CDATA[verify Product Quantity[[ChromeDriver: chrome on WINDOWS (dcae3a5b5d54f25ac99c73d5bdcb840b)] -> xpath: //td[@class='quantity']/child::input]]]>
    </line>
    <line>
      <![CDATA[Verify total Price[[ChromeDriver: chrome on WINDOWS (dcae3a5b5d54f25ac99c73d5bdcb840b)] -> xpath: //tbody/tr[1]/td[6]/span[1]]]]>
    </line>
    <line>
      <![CDATA[Click Term Of Services[[ChromeDriver: chrome on WINDOWS (dcae3a5b5d54f25ac99c73d5bdcb840b)] -> xpath: //tbody/tr[1]/td[6]/span[1]]]]>
    </line>
    <line>
      <![CDATA[Click On Check out[[ChromeDriver: chrome on WINDOWS (dcae3a5b5d54f25ac99c73d5bdcb840b)] -> xpath: //button[@id='checkout']]]]>
    </line>
    <line>
      <![CDATA[Verify WelCome Text[[ChromeDriver: chrome on WINDOWS (dcae3a5b5d54f25ac99c73d5bdcb840b)] -> xpath: //h1[text()='Welcome, Please Sign In!']]]]>
    </line>
    <line>
      <![CDATA[click On As Register Button[[ChromeDriver: chrome on WINDOWS (dcae3a5b5d54f25ac99c73d5bdcb840b)] -> xpath: //button[contains(text(),'Register')]]]]>
    </line>
    <line>
      <![CDATA[verify Register Text[[ChromeDriver: chrome on WINDOWS (dcae3a5b5d54f25ac99c73d5bdcb840b)] -> xpath: //h1[contains(text(),'Register')]]]]>
    </line>
    <line>
      <![CDATA[Enter First Name[[ChromeDriver: chrome on WINDOWS (dcae3a5b5d54f25ac99c73d5bdcb840b)] -> id: FirstName]]]>
    </line>
    <line>
      <![CDATA[Enter Last Name[[ChromeDriver: chrome on WINDOWS (dcae3a5b5d54f25ac99c73d5bdcb840b)] -> id: LastName]]]>
    </line>
    <line>
      <![CDATA[Enter Email[[ChromeDriver: chrome on WINDOWS (dcae3a5b5d54f25ac99c73d5bdcb840b)] -> id: Email]]]>
    </line>
    <line>
      <![CDATA[Enter Password[[ChromeDriver: chrome on WINDOWS (dcae3a5b5d54f25ac99c73d5bdcb840b)] -> id: Password]]]>
    </line>
    <line>
      <![CDATA[Enter Confirm Password[[ChromeDriver: chrome on WINDOWS (dcae3a5b5d54f25ac99c73d5bdcb840b)] -> id: ConfirmPassword]]]>
    </line>
    <line>
      <![CDATA[Click on Register button[[ChromeDriver: chrome on WINDOWS (dcae3a5b5d54f25ac99c73d5bdcb840b)] -> id: register-button]]]>
    </line>
    <line>
      <![CDATA[Registration Page TextProxy element for: DefaultElementLocator 'By.xpath: //div[contains(text(),'Your registration completed')]']]>
    </line>
    <line>
      <![CDATA[Click to see screenshot]]>
    </line>
    <line>
      <![CDATA[<a target = "_blank" href=C:\Users\sunil\IdeaProjects\nopcommerce-page-factory-sunil/test-output/html/verifyThatTheProductAddedSuccessfullyAndPlaceOrderSuccessfullyTue_Dec_13_23_12_41_AEST_2022.jpg>Screenshot</a>]]>
    </line>
    <line>
      <![CDATA[<br>]]>
    </line>
    <line>
      <![CDATA[<br>]]>
    </line>
    <line>
      <![CDATA[<a target = "_blank" href=C:\Users\sunil\IdeaProjects\nopcommerce-page-factory-sunil/test-output/html/verifyThatTheProductAddedSuccessfullyAndPlaceOrderSuccessfullyTue_Dec_13_23_12_41_AEST_2022.jpg><img src=C:\Users\sunil\IdeaProjects\nopcommerce-page-factory-sunil/test-output/html/verifyThatTheProductAddedSuccessfullyAndPlaceOrderSuccessfullyTue_Dec_13_23_12_41_AEST_2022.jpg height=200 width=200></img></a>]]>
    </line>
    <line>
      <![CDATA[selectMenu]]>
    </line>
    <line>
      <![CDATA[selectMenu]]>
    </line>
    <line>
      <![CDATA[Click on desktop[[ChromeDriver: chrome on WINDOWS (88383d3e745bd31af2e9be64eab7e709)] -> link text: Desktops]]]>
    </line>
    <line>
      <![CDATA[Select Sort By Name[[ChromeDriver: chrome on WINDOWS (88383d3e745bd31af2e9be64eab7e709)] -> name: products-orderby]]]>
    </line>
    <line>
      <![CDATA[Click On Add To Cart[[ChromeDriver: chrome on WINDOWS (88383d3e745bd31af2e9be64eab7e709)] -> xpath: //body/div[6]/div[3]/div[1]/div[3]/div[1]/div[2]/div[2]/div[2]/div[1]/div[1]/div[1]/div[1]/div[1]/a[1]/img[1]]]]>
    </line>
    <line>
      <![CDATA[Get Text Message[[ChromeDriver: chrome on WINDOWS (88383d3e745bd31af2e9be64eab7e709)] -> xpath: //h1[contains(text(),'Build your own computer')]]]]>
    </line>
    <line>
      <![CDATA[Select on Processor Name[[ChromeDriver: chrome on WINDOWS (88383d3e745bd31af2e9be64eab7e709)] -> name: product_attribute_1]]]>
    </line>
    <line>
      <![CDATA[Select Ram[[ChromeDriver: chrome on WINDOWS (88383d3e745bd31af2e9be64eab7e709)] -> name: product_attribute_2]]]>
    </line>
    <line>
      <![CDATA[Select HDD[[ChromeDriver: chrome on WINDOWS (88383d3e745bd31af2e9be64eab7e709)] -> xpath: //input[@id='product_attribute_3_7']]]]>
    </line>
    <line>
      <![CDATA[Select OS[[ChromeDriver: chrome on WINDOWS (88383d3e745bd31af2e9be64eab7e709)] -> xpath: //input[@id='product_attribute_4_9']]]]>
    </line>
    <line>
      <![CDATA[Select software[[ChromeDriver: chrome on WINDOWS (88383d3e745bd31af2e9be64eab7e709)] -> xpath: //input[@id='product_attribute_5_12']]]]>
    </line>
    <line>
      <![CDATA[Verify Price[[ChromeDriver: chrome on WINDOWS (88383d3e745bd31af2e9be64eab7e709)] -> xpath: //span[text() = '$1,475.00']]]]>
    </line>
    <line>
      <![CDATA[Click on Cart Button[[ChromeDriver: chrome on WINDOWS (88383d3e745bd31af2e9be64eab7e709)] -> xpath: //button[@id='add-to-cart-button-1']]]]>
    </line>
    <line>
      <![CDATA[Verify Message on Top Green Bar[[ChromeDriver: chrome on WINDOWS (88383d3e745bd31af2e9be64eab7e709)] -> xpath: //body[1]/div[5]/div[1]/p[1]]]]>
    </line>
    <line>
      <![CDATA[Click on Close Bar[[ChromeDriver: chrome on WINDOWS (88383d3e745bd31af2e9be64eab7e709)] -> xpath: //body[1]/div[5]/div[1]/span[1]]]]>
    </line>
    <line>
      <![CDATA[Mouse Hover On Shopping Cart[[ChromeDriver: chrome on WINDOWS (88383d3e745bd31af2e9be64eab7e709)] -> xpath: //span[contains(text(),'Shopping cart')]]]]>
    </line>
    <line>
      <![CDATA[Click On Shopping Cart[[ChromeDriver: chrome on WINDOWS (88383d3e745bd31af2e9be64eab7e709)] -> xpath: //button[contains(text(),'Go to cart')]]]]>
    </line>
    <line>
      <![CDATA[Click to see screenshot]]>
    </line>
    <line>
      <![CDATA[<a target = "_blank" href=C:\Users\sunil\IdeaProjects\nopcommerce-page-factory-sunil/test-output/html/verifyProductAddedToShoppingCartSuccessFullyTue_Dec_13_23_13_18_AEST_2022.jpg>Screenshot</a>]]>
    </line>
    <line>
      <![CDATA[<br>]]>
    </line>
    <line>
      <![CDATA[<br>]]>
    </line>
    <line>
      <![CDATA[<a target = "_blank" href=C:\Users\sunil\IdeaProjects\nopcommerce-page-factory-sunil/test-output/html/verifyProductAddedToShoppingCartSuccessFullyTue_Dec_13_23_13_18_AEST_2022.jpg><img src=C:\Users\sunil\IdeaProjects\nopcommerce-page-factory-sunil/test-output/html/verifyProductAddedToShoppingCartSuccessFullyTue_Dec_13_23_13_18_AEST_2022.jpg height=200 width=200></img></a>]]>
    </line>
  </reporter-output>
  <suite name="smoke testsuite" duration-ms="90011" started-at="2022-12-13T23:11:49 AEST" finished-at="2022-12-13T23:13:19 AEST">
    <groups>
      <group name="regression">
        <method signature="ComputerTest.verifyProductAddedToShoppingCartSuccessFully()[pri:0, instance:com.nopcommerce.demo.testsuite.ComputerTest@543788f3]" name="verifyProductAddedToShoppingCartSuccessFully" class="com.nopcommerce.demo.testsuite.ComputerTest"/>
        <method signature="ElectronicsTest.verifyThatTheProductAddedSuccessfullyAndPlaceOrderSuccessfully()[pri:0, instance:com.nopcommerce.demo.testsuite.ElectronicsTest@4d1b0d2a]" name="verifyThatTheProductAddedSuccessfullyAndPlaceOrderSuccessfully" class="com.nopcommerce.demo.testsuite.ElectronicsTest"/>
        <method signature="HomePageTest.verifyPageNavigationElectronics()[pri:0, instance:com.nopcommerce.demo.testsuite.HomePageTest@4ae82894]" name="verifyPageNavigationElectronics" class="com.nopcommerce.demo.testsuite.HomePageTest"/>
      </group> <!-- regression -->
      <group name="smoke">
        <method signature="ComputerTest.verifyProductAddedToShoppingCartSuccessFully()[pri:0, instance:com.nopcommerce.demo.testsuite.ComputerTest@543788f3]" name="verifyProductAddedToShoppingCartSuccessFully" class="com.nopcommerce.demo.testsuite.ComputerTest"/>
        <method signature="ElectronicsTest.verifyThatTheProductAddedSuccessfullyAndPlaceOrderSuccessfully()[pri:0, instance:com.nopcommerce.demo.testsuite.ElectronicsTest@4d1b0d2a]" name="verifyThatTheProductAddedSuccessfullyAndPlaceOrderSuccessfully" class="com.nopcommerce.demo.testsuite.ElectronicsTest"/>
        <method signature="HomePageTest.verifyPageNavigationElectronics()[pri:0, instance:com.nopcommerce.demo.testsuite.HomePageTest@4ae82894]" name="verifyPageNavigationElectronics" class="com.nopcommerce.demo.testsuite.HomePageTest"/>
      </group> <!-- smoke -->
    </groups>
    <test name="smoke Test" duration-ms="90011" started-at="2022-12-13T23:11:49 AEST" finished-at="2022-12-13T23:13:19 AEST">
      <class name="com.nopcommerce.demo.testsuite.HomePageTest">
        <test-method status="PASS" signature="setUp()[pri:0, instance:com.nopcommerce.demo.testsuite.HomePageTest@4ae82894]" name="setUp" is-config="true" duration-ms="3184" started-at="2022-12-13T23:12:42 AEST" finished-at="2022-12-13T23:12:45 AEST">
          <reporter-output>
          </reporter-output>
        </test-method> <!-- setUp -->
        <test-method status="PASS" signature="inIt()[pri:0, instance:com.nopcommerce.demo.testsuite.HomePageTest@4ae82894]" name="inIt" is-config="true" duration-ms="0" started-at="2022-12-13T23:12:45 AEST" finished-at="2022-12-13T23:12:45 AEST">
          <reporter-output>
          </reporter-output>
        </test-method> <!-- inIt -->
        <test-method status="PASS" signature="verifyPageNavigationElectronics()[pri:0, instance:com.nopcommerce.demo.testsuite.HomePageTest@4ae82894]" name="verifyPageNavigationElectronics" duration-ms="492" started-at="2022-12-13T23:12:45 AEST" finished-at="2022-12-13T23:12:46 AEST">
          <reporter-output>
            <line>
              <![CDATA[selectMenu]]>
            </line>
          </reporter-output>
        </test-method> <!-- verifyPageNavigationElectronics -->
        <test-method status="PASS" signature="tearDown()[pri:0, instance:com.nopcommerce.demo.testsuite.HomePageTest@4ae82894]" name="tearDown" is-config="true" duration-ms="654" started-at="2022-12-13T23:12:46 AEST" finished-at="2022-12-13T23:12:46 AEST">
          <reporter-output>
          </reporter-output>
        </test-method> <!-- tearDown -->
      </class> <!-- com.nopcommerce.demo.testsuite.HomePageTest -->
      <class name="com.nopcommerce.demo.testsuite.ComputerTest">
        <test-method status="PASS" signature="setUp()[pri:0, instance:com.nopcommerce.demo.testsuite.ComputerTest@543788f3]" name="setUp" is-config="true" duration-ms="3065" started-at="2022-12-13T23:12:46 AEST" finished-at="2022-12-13T23:12:49 AEST">
          <reporter-output>
          </reporter-output>
        </test-method> <!-- setUp -->
        <test-method status="PASS" signature="inIt()[pri:0, instance:com.nopcommerce.demo.testsuite.ComputerTest@543788f3]" name="inIt" is-config="true" duration-ms="7" started-at="2022-12-13T23:12:49 AEST" finished-at="2022-12-13T23:12:49 AEST">
          <reporter-output>
          </reporter-output>
        </test-method> <!-- inIt -->
        <test-method status="FAIL" signature="verifyProductAddedToShoppingCartSuccessFully()[pri:0, instance:com.nopcommerce.demo.testsuite.ComputerTest@543788f3]" name="verifyProductAddedToShoppingCartSuccessFully" duration-ms="28271" started-at="2022-12-13T23:12:49 AEST" finished-at="2022-12-13T23:13:18 AEST">
          <exception class="org.openqa.selenium.ElementNotInteractableException">
            <message>
              <![CDATA[element not interactable
  (Session info: chrome=108.0.5359.99)
Build info: version: '4.6.0', revision: '79f1c02ae20'
System info: os.name: 'Windows 10', os.arch: 'amd64', os.version: '10.0', java.version: '1.8.0_121'
Driver info: org.openqa.selenium.chrome.ChromeDriver
Command: [88383d3e745bd31af2e9be64eab7e709, clickElement {id=5ca0bf53-5513-4175-acca-2b2dbe2d4c46}]
Capabilities {acceptInsecureCerts: false, browserName: chrome, browserVersion: 108.0.5359.99, chrome: {chromedriverVersion: 108.0.5359.71 (1e0e3868ee06..., userDataDir: C:\Users\sunil\AppData\Loca...}, goog:chromeOptions: {debuggerAddress: localhost:55645}, networkConnectionEnabled: false, pageLoadStrategy: normal, platformName: WINDOWS, proxy: Proxy(), se:cdp: ws://localhost:55645/devtoo..., se:cdpVersion: 108.0.5359.99, setWindowRect: true, strictFileInteractability: false, timeouts: {implicit: 0, pageLoad: 300000, script: 30000}, unhandledPromptBehavior: dismiss and notify, webauthn:extension:credBlob: true, webauthn:extension:largeBlob: true, webauthn:virtualAuthenticators: true}
Element: [[ChromeDriver: chrome on WINDOWS (88383d3e745bd31af2e9be64eab7e709)] -> xpath: //button[contains(text(),'Go to cart')]]
Session ID: 88383d3e745bd31af2e9be64eab7e709]]>
            </message>
            <full-stacktrace>
              <![CDATA[org.openqa.selenium.ElementNotInteractableException: element not interactable
  (Session info: chrome=108.0.5359.99)
Build info: version: '4.6.0', revision: '79f1c02ae20'
System info: os.name: 'Windows 10', os.arch: 'amd64', os.version: '10.0', java.version: '1.8.0_121'
Driver info: org.openqa.selenium.chrome.ChromeDriver
Command: [88383d3e745bd31af2e9be64eab7e709, clickElement {id=5ca0bf53-5513-4175-acca-2b2dbe2d4c46}]
Capabilities {acceptInsecureCerts: false, browserName: chrome, browserVersion: 108.0.5359.99, chrome: {chromedriverVersion: 108.0.5359.71 (1e0e3868ee06..., userDataDir: C:\Users\sunil\AppData\Loca...}, goog:chromeOptions: {debuggerAddress: localhost:55645}, networkConnectionEnabled: false, pageLoadStrategy: normal, platformName: WINDOWS, proxy: Proxy(), se:cdp: ws://localhost:55645/devtoo..., se:cdpVersion: 108.0.5359.99, setWindowRect: true, strictFileInteractability: false, timeouts: {implicit: 0, pageLoad: 300000, script: 30000}, unhandledPromptBehavior: dismiss and notify, webauthn:extension:credBlob: true, webauthn:extension:largeBlob: true, webauthn:virtualAuthenticators: true}
Element: [[ChromeDriver: chrome on WINDOWS (88383d3e745bd31af2e9be64eab7e709)] -> xpath: //button[contains(text(),'Go to cart')]]
Session ID: 88383d3e745bd31af2e9be64eab7e709
at sun.reflect.NativeConstructorAccessorImpl.newInstance0(Native Method)
at sun.reflect.NativeConstructorAccessorImpl.newInstance(NativeConstructorAccessorImpl.java:62)
at sun.reflect.DelegatingConstructorAccessorImpl.newInstance(DelegatingConstructorAccessorImpl.java:45)
at java.lang.reflect.Constructor.newInstance(Constructor.java:423)
at org.openqa.selenium.remote.codec.w3c.W3CHttpResponseCodec.createException(W3CHttpResponseCodec.java:200)
at org.openqa.selenium.remote.codec.w3c.W3CHttpResponseCodec.decode(W3CHttpResponseCodec.java:133)
at org.openqa.selenium.remote.codec.w3c.W3CHttpResponseCodec.decode(W3CHttpResponseCodec.java:53)
at org.openqa.selenium.remote.HttpCommandExecutor.execute(HttpCommandExecutor.java:184)
at org.openqa.selenium.remote.service.DriverCommandExecutor.invokeExecute(DriverCommandExecutor.java:167)
at org.openqa.selenium.remote.service.DriverCommandExecutor.execute(DriverCommandExecutor.java:142)
at org.openqa.selenium.remote.RemoteWebDriver.execute(RemoteWebDriver.java:541)
at org.openqa.selenium.remote.RemoteWebElement.execute(RemoteWebElement.java:257)
at org.openqa.selenium.remote.RemoteWebElement.click(RemoteWebElement.java:78)
at sun.reflect.GeneratedMethodAccessor2.invoke(Unknown Source)
at sun.reflect.DelegatingMethodAccessorImpl.invoke(DelegatingMethodAccessorImpl.java:43)
at java.lang.reflect.Method.invoke(Method.java:498)
at org.openqa.selenium.support.pagefactory.internal.LocatingElementHandler.invoke(LocatingElementHandler.java:52)
at com.sun.proxy.$Proxy15.click(Unknown Source)
at com.nopcommerce.demo.utility.Utility.clickOnElement(Utility.java:67)
at com.nopcommerce.demo.pages.BuildYourOwnComputerPage.clickOnShoppingCart(BuildYourOwnComputerPage.java:129)
at com.nopcommerce.demo.testsuite.ComputerTest.verifyProductAddedToShoppingCartSuccessFully(ComputerTest.java:71)
at sun.reflect.NativeMethodAccessorImpl.invoke0(Native Method)
at sun.reflect.NativeMethodAccessorImpl.invoke(NativeMethodAccessorImpl.java:62)
at sun.reflect.DelegatingMethodAccessorImpl.invoke(DelegatingMethodAccessorImpl.java:43)
at java.lang.reflect.Method.invoke(Method.java:498)
at org.testng.internal.invokers.MethodInvocationHelper.invokeMethod(MethodInvocationHelper.java:135)
at org.testng.internal.invokers.TestInvoker.invokeMethod(TestInvoker.java:673)
at org.testng.internal.invokers.TestInvoker.invokeTestMethod(TestInvoker.java:220)
at org.testng.internal.invokers.MethodRunner.runInSequence(MethodRunner.java:50)
at org.testng.internal.invokers.TestInvoker$MethodInvocationAgent.invoke(TestInvoker.java:945)
at org.testng.internal.invokers.TestInvoker.invokeTestMethods(TestInvoker.java:193)
at org.testng.internal.invokers.TestMethodWorker.invokeTestMethods(TestMethodWorker.java:146)
at org.testng.internal.invokers.TestMethodWorker.run(TestMethodWorker.java:128)
at java.util.ArrayList.forEach(ArrayList.java:1249)
at org.testng.TestRunner.privateRun(TestRunner.java:808)
at org.testng.TestRunner.run(TestRunner.java:603)
at org.testng.SuiteRunner.runTest(SuiteRunner.java:429)
at org.testng.SuiteRunner.runSequentially(SuiteRunner.java:423)
at org.testng.SuiteRunner.privateRun(SuiteRunner.java:383)
at org.testng.SuiteRunner.run(SuiteRunner.java:326)
at org.testng.SuiteRunnerWorker.runSuite(SuiteRunnerWorker.java:52)
at org.testng.SuiteRunnerWorker.run(SuiteRunnerWorker.java:95)
at org.testng.TestNG.runSuitesSequentially(TestNG.java:1249)
at org.testng.TestNG.runSuitesLocally(TestNG.java:1169)
at org.testng.TestNG.runSuites(TestNG.java:1092)
at org.testng.TestNG.run(TestNG.java:1060)
at com.intellij.rt.testng.IDEARemoteTestNG.run(IDEARemoteTestNG.java:66)
at com.intellij.rt.testng.RemoteTestNGStarter.main(RemoteTestNGStarter.java:109)
]]>
            </full-stacktrace>
          </exception> <!-- org.openqa.selenium.ElementNotInteractableException -->
          <reporter-output>
            <line>
              <![CDATA[selectMenu]]>
            </line>
            <line>
              <![CDATA[Click on desktop[[ChromeDriver: chrome on WINDOWS (88383d3e745bd31af2e9be64eab7e709)] -> link text: Desktops]]]>
            </line>
            <line>
              <![CDATA[Select Sort By Name[[ChromeDriver: chrome on WINDOWS (88383d3e745bd31af2e9be64eab7e709)] -> name: products-orderby]]]>
            </line>
            <line>
              <![CDATA[Click On Add To Cart[[ChromeDriver: chrome on WINDOWS (88383d3e745bd31af2e9be64eab7e709)] -> xpath: //body/div[6]/div[3]/div[1]/div[3]/div[1]/div[2]/div[2]/div[2]/div[1]/div[1]/div[1]/div[1]/div[1]/a[1]/img[1]]]]>
            </line>
            <line>
              <![CDATA[Get Text Message[[ChromeDriver: chrome on WINDOWS (88383d3e745bd31af2e9be64eab7e709)] -> xpath: //h1[contains(text(),'Build your own computer')]]]]>
            </line>
            <line>
              <![CDATA[Select on Processor Name[[ChromeDriver: chrome on WINDOWS (88383d3e745bd31af2e9be64eab7e709)] -> name: product_attribute_1]]]>
            </line>
            <line>
              <![CDATA[Select Ram[[ChromeDriver: chrome on WINDOWS (88383d3e745bd31af2e9be64eab7e709)] -> name: product_attribute_2]]]>
            </line>
            <line>
              <![CDATA[Select HDD[[ChromeDriver: chrome on WINDOWS (88383d3e745bd31af2e9be64eab7e709)] -> xpath: //input[@id='product_attribute_3_7']]]]>
            </line>
            <line>
              <![CDATA[Select OS[[ChromeDriver: chrome on WINDOWS (88383d3e745bd31af2e9be64eab7e709)] -> xpath: //input[@id='product_attribute_4_9']]]]>
            </line>
            <line>
              <![CDATA[Select software[[ChromeDriver: chrome on WINDOWS (88383d3e745bd31af2e9be64eab7e709)] -> xpath: //input[@id='product_attribute_5_12']]]]>
            </line>
            <line>
              <![CDATA[Verify Price[[ChromeDriver: chrome on WINDOWS (88383d3e745bd31af2e9be64eab7e709)] -> xpath: //span[text() = '$1,475.00']]]]>
            </line>
            <line>
              <![CDATA[Click on Cart Button[[ChromeDriver: chrome on WINDOWS (88383d3e745bd31af2e9be64eab7e709)] -> xpath: //button[@id='add-to-cart-button-1']]]]>
            </line>
            <line>
              <![CDATA[Verify Message on Top Green Bar[[ChromeDriver: chrome on WINDOWS (88383d3e745bd31af2e9be64eab7e709)] -> xpath: //body[1]/div[5]/div[1]/p[1]]]]>
            </line>
            <line>
              <![CDATA[Click on Close Bar[[ChromeDriver: chrome on WINDOWS (88383d3e745bd31af2e9be64eab7e709)] -> xpath: //body[1]/div[5]/div[1]/span[1]]]]>
            </line>
            <line>
              <![CDATA[Mouse Hover On Shopping Cart[[ChromeDriver: chrome on WINDOWS (88383d3e745bd31af2e9be64eab7e709)] -> xpath: //span[contains(text(),'Shopping cart')]]]]>
            </line>
            <line>
              <![CDATA[Click On Shopping Cart[[ChromeDriver: chrome on WINDOWS (88383d3e745bd31af2e9be64eab7e709)] -> xpath: //button[contains(text(),'Go to cart')]]]]>
            </line>
            <line>
              <![CDATA[Click to see screenshot]]>
            </line>
            <line>
              <![CDATA[<a target = "_blank" href=C:\Users\sunil\IdeaProjects\nopcommerce-page-factory-sunil/test-output/html/verifyProductAddedToShoppingCartSuccessFullyTue_Dec_13_23_13_18_AEST_2022.jpg>Screenshot</a>]]>
            </line>
            <line>
              <![CDATA[<br>]]>
            </line>
            <line>
              <![CDATA[<br>]]>
            </line>
            <line>
              <![CDATA[<a target = "_blank" href=C:\Users\sunil\IdeaProjects\nopcommerce-page-factory-sunil/test-output/html/verifyProductAddedToShoppingCartSuccessFullyTue_Dec_13_23_13_18_AEST_2022.jpg><img src=C:\Users\sunil\IdeaProjects\nopcommerce-page-factory-sunil/test-output/html/verifyProductAddedToShoppingCartSuccessFullyTue_Dec_13_23_13_18_AEST_2022.jpg height=200 width=200></img></a>]]>
            </line>
          </reporter-output>
        </test-method> <!-- verifyProductAddedToShoppingCartSuccessFully -->
        <test-method status="PASS" signature="tearDown()[pri:0, instance:com.nopcommerce.demo.testsuite.ComputerTest@543788f3]" name="tearDown" is-config="true" duration-ms="694" started-at="2022-12-13T23:13:18 AEST" finished-at="2022-12-13T23:13:19 AEST">
          <reporter-output>
          </reporter-output>
        </test-method> <!-- tearDown -->
      </class> <!-- com.nopcommerce.demo.testsuite.ComputerTest -->
      <class name="com.nopcommerce.demo.testsuite.ElectronicsTest">
        <test-method status="PASS" signature="setUp()[pri:0, instance:com.nopcommerce.demo.testsuite.ElectronicsTest@4d1b0d2a]" name="setUp" is-config="true" duration-ms="4090" started-at="2022-12-13T23:11:49 AEST" finished-at="2022-12-13T23:11:53 AEST">
          <reporter-output>
          </reporter-output>
        </test-method> <!-- setUp -->
        <test-method status="PASS" signature="inIt()[pri:0, instance:com.nopcommerce.demo.testsuite.ElectronicsTest@4d1b0d2a]" name="inIt" is-config="true" duration-ms="78" started-at="2022-12-13T23:11:53 AEST" finished-at="2022-12-13T23:11:53 AEST">
          <reporter-output>
          </reporter-output>
        </test-method> <!-- inIt -->
        <test-method status="FAIL" signature="verifyThatTheProductAddedSuccessfullyAndPlaceOrderSuccessfully()[pri:0, instance:com.nopcommerce.demo.testsuite.ElectronicsTest@4d1b0d2a]" name="verifyThatTheProductAddedSuccessfullyAndPlaceOrderSuccessfully" duration-ms="47668" started-at="2022-12-13T23:11:53 AEST" finished-at="2022-12-13T23:12:41 AEST">
          <exception class="org.openqa.selenium.NoSuchElementException">
            <message>
              <![CDATA[no such element: Unable to locate element: {"method":"xpath","selector":"//div[contains(text(),'Your registration completed')]"}
  (Session info: chrome=108.0.5359.99)
For documentation on this error, please visit: https://selenium.dev/exceptions/#no_such_element
Build info: version: '4.6.0', revision: '79f1c02ae20'
System info: os.name: 'Windows 10', os.arch: 'amd64', os.version: '10.0', java.version: '1.8.0_121'
Driver info: org.openqa.selenium.chrome.ChromeDriver
Command: [dcae3a5b5d54f25ac99c73d5bdcb840b, findElement {using=xpath, value=//div[contains(text(),'Your registration completed')]}]
Capabilities {acceptInsecureCerts: false, browserName: chrome, browserVersion: 108.0.5359.99, chrome: {chromedriverVersion: 108.0.5359.71 (1e0e3868ee06..., userDataDir: C:\Users\sunil\AppData\Loca...}, goog:chromeOptions: {debuggerAddress: localhost:55449}, networkConnectionEnabled: false, pageLoadStrategy: normal, platformName: WINDOWS, proxy: Proxy(), se:cdp: ws://localhost:55449/devtoo..., se:cdpVersion: 108.0.5359.99, setWindowRect: true, strictFileInteractability: false, timeouts: {implicit: 0, pageLoad: 300000, script: 30000}, unhandledPromptBehavior: dismiss and notify, webauthn:extension:credBlob: true, webauthn:extension:largeBlob: true, webauthn:virtualAuthenticators: true}
Session ID: dcae3a5b5d54f25ac99c73d5bdcb840b]]>
            </message>
            <full-stacktrace>
              <![CDATA[org.openqa.selenium.NoSuchElementException: no such element: Unable to locate element: {"method":"xpath","selector":"//div[contains(text(),'Your registration completed')]"}
  (Session info: chrome=108.0.5359.99)
For documentation on this error, please visit: https://selenium.dev/exceptions/#no_such_element
Build info: version: '4.6.0', revision: '79f1c02ae20'
System info: os.name: 'Windows 10', os.arch: 'amd64', os.version: '10.0', java.version: '1.8.0_121'
Driver info: org.openqa.selenium.chrome.ChromeDriver
Command: [dcae3a5b5d54f25ac99c73d5bdcb840b, findElement {using=xpath, value=//div[contains(text(),'Your registration completed')]}]
Capabilities {acceptInsecureCerts: false, browserName: chrome, browserVersion: 108.0.5359.99, chrome: {chromedriverVersion: 108.0.5359.71 (1e0e3868ee06..., userDataDir: C:\Users\sunil\AppData\Loca...}, goog:chromeOptions: {debuggerAddress: localhost:55449}, networkConnectionEnabled: false, pageLoadStrategy: normal, platformName: WINDOWS, proxy: Proxy(), se:cdp: ws://localhost:55449/devtoo..., se:cdpVersion: 108.0.5359.99, setWindowRect: true, strictFileInteractability: false, timeouts: {implicit: 0, pageLoad: 300000, script: 30000}, unhandledPromptBehavior: dismiss and notify, webauthn:extension:credBlob: true, webauthn:extension:largeBlob: true, webauthn:virtualAuthenticators: true}
Session ID: dcae3a5b5d54f25ac99c73d5bdcb840b
at sun.reflect.NativeConstructorAccessorImpl.newInstance0(Native Method)
at sun.reflect.NativeConstructorAccessorImpl.newInstance(NativeConstructorAccessorImpl.java:62)
at sun.reflect.DelegatingConstructorAccessorImpl.newInstance(DelegatingConstructorAccessorImpl.java:45)
at java.lang.reflect.Constructor.newInstance(Constructor.java:423)
at org.openqa.selenium.remote.codec.w3c.W3CHttpResponseCodec.createException(W3CHttpResponseCodec.java:200)
at org.openqa.selenium.remote.codec.w3c.W3CHttpResponseCodec.decode(W3CHttpResponseCodec.java:133)
at org.openqa.selenium.remote.codec.w3c.W3CHttpResponseCodec.decode(W3CHttpResponseCodec.java:53)
at org.openqa.selenium.remote.HttpCommandExecutor.execute(HttpCommandExecutor.java:184)
at org.openqa.selenium.remote.service.DriverCommandExecutor.invokeExecute(DriverCommandExecutor.java:167)
at org.openqa.selenium.remote.service.DriverCommandExecutor.execute(DriverCommandExecutor.java:142)
at org.openqa.selenium.remote.RemoteWebDriver.execute(RemoteWebDriver.java:541)
at org.openqa.selenium.remote.ElementLocation$ElementFinder$2.findElement(ElementLocation.java:162)
at org.openqa.selenium.remote.ElementLocation.findElement(ElementLocation.java:60)
at org.openqa.selenium.remote.RemoteWebDriver.findElement(RemoteWebDriver.java:365)
at org.openqa.selenium.remote.RemoteWebDriver.findElement(RemoteWebDriver.java:357)
at org.openqa.selenium.support.pagefactory.DefaultElementLocator.findElement(DefaultElementLocator.java:70)
at org.openqa.selenium.support.pagefactory.internal.LocatingElementHandler.invoke(LocatingElementHandler.java:39)
at com.sun.proxy.$Proxy15.getText(Unknown Source)
at com.nopcommerce.demo.utility.Utility.getTextFromElement(Utility.java:78)
at com.nopcommerce.demo.pages.RegisterPage.verifyRegistrationText(RegisterPage.java:84)
at com.nopcommerce.demo.testsuite.ElectronicsTest.verifyThatTheProductAddedSuccessfullyAndPlaceOrderSuccessfully(ElectronicsTest.java:80)
at sun.reflect.NativeMethodAccessorImpl.invoke0(Native Method)
at sun.reflect.NativeMethodAccessorImpl.invoke(NativeMethodAccessorImpl.java:62)
at sun.reflect.DelegatingMethodAccessorImpl.invoke(DelegatingMethodAccessorImpl.java:43)
at java.lang.reflect.Method.invoke(Method.java:498)
at org.testng.internal.invokers.MethodInvocationHelper.invokeMethod(MethodInvocationHelper.java:135)
at org.testng.internal.invokers.TestInvoker.invokeMethod(TestInvoker.java:673)
at org.testng.internal.invokers.TestInvoker.invokeTestMethod(TestInvoker.java:220)
at org.testng.internal.invokers.MethodRunner.runInSequence(MethodRunner.java:50)
at org.testng.internal.invokers.TestInvoker$MethodInvocationAgent.invoke(TestInvoker.java:945)
at org.testng.internal.invokers.TestInvoker.invokeTestMethods(TestInvoker.java:193)
at org.testng.internal.invokers.TestMethodWorker.invokeTestMethods(TestMethodWorker.java:146)
at org.testng.internal.invokers.TestMethodWorker.run(TestMethodWorker.java:128)
at java.util.ArrayList.forEach(ArrayList.java:1249)
at org.testng.TestRunner.privateRun(TestRunner.java:808)
at org.testng.TestRunner.run(TestRunner.java:603)
at org.testng.SuiteRunner.runTest(SuiteRunner.java:429)
at org.testng.SuiteRunner.runSequentially(SuiteRunner.java:423)
at org.testng.SuiteRunner.privateRun(SuiteRunner.java:383)
at org.testng.SuiteRunner.run(SuiteRunner.java:326)
at org.testng.SuiteRunnerWorker.runSuite(SuiteRunnerWorker.java:52)
at org.testng.SuiteRunnerWorker.run(SuiteRunnerWorker.java:95)
at org.testng.TestNG.runSuitesSequentially(TestNG.java:1249)
at org.testng.TestNG.runSuitesLocally(TestNG.java:1169)
at org.testng.TestNG.runSuites(TestNG.java:1092)
at org.testng.TestNG.run(TestNG.java:1060)
at com.intellij.rt.testng.IDEARemoteTestNG.run(IDEARemoteTestNG.java:66)
at com.intellij.rt.testng.RemoteTestNGStarter.main(RemoteTestNGStarter.java:109)
]]>
            </full-stacktrace>
          </exception> <!-- org.openqa.selenium.NoSuchElementException -->
          <reporter-output>
            <line>
              <![CDATA[Mouse Hover On Electronics[[ChromeDriver: chrome on WINDOWS (dcae3a5b5d54f25ac99c73d5bdcb840b)] -> xpath: //div/ul[@class='top-menu notmobile']/li[2]/a[@href='/electronics']]]]>
            </line>
            <line>
              <![CDATA[Click On Cell Phone[[ChromeDriver: chrome on WINDOWS (dcae3a5b5d54f25ac99c73d5bdcb840b)] -> xpath: //body[1]/div[6]/div[2]/ul[1]/li[2]/ul[1]/li[2]/a[1]]]]>
            </line>
            <line>
              <![CDATA[Get Text cell Phones[[ChromeDriver: chrome on WINDOWS (dcae3a5b5d54f25ac99c73d5bdcb840b)] -> xpath: //div[@class='page-title']/h1[text() = 'Cell phones']]]]>
            </line>
            <line>
              <![CDATA[Click On List View[[ChromeDriver: chrome on WINDOWS (dcae3a5b5d54f25ac99c73d5bdcb840b)] -> xpath: //div/a[text()='List']]]]>
            </line>
            <line>
              <![CDATA[Click On Nokia Lumia[[ChromeDriver: chrome on WINDOWS (dcae3a5b5d54f25ac99c73d5bdcb840b)] -> xpath: //h2/a[text()='Nokia Lumia 1020']]]]>
            </line>
            <line>
              <![CDATA[Verify Nokia Lumia Text[[ChromeDriver: chrome on WINDOWS (dcae3a5b5d54f25ac99c73d5bdcb840b)] -> xpath: //h1[contains(text(),'Nokia Lumia 1020')]]]]>
            </line>
            <line>
              <![CDATA[Verify Nokia Price[[ChromeDriver: chrome on WINDOWS (dcae3a5b5d54f25ac99c73d5bdcb840b)] -> xpath: //span[@id='price-value-20']]]]>
            </line>
            <line>
              <![CDATA[Change Quantity]]>
            </line>
            <line>
              <![CDATA[Click on Cart[[ChromeDriver: chrome on WINDOWS (dcae3a5b5d54f25ac99c73d5bdcb840b)] -> css selector: #add-to-cart-button-20]]]>
            </line>
            <line>
              <![CDATA[Product Added To The Cart Message[[ChromeDriver: chrome on WINDOWS (dcae3a5b5d54f25ac99c73d5bdcb840b)] -> xpath: //body/div[@id='bar-notification']/div[1]/p[1]]]]>
            </line>
            <line>
              <![CDATA[Click on Cross Button[[ChromeDriver: chrome on WINDOWS (dcae3a5b5d54f25ac99c73d5bdcb840b)] -> xpath: //body/div[@id='bar-notification']/div[1]/span[1]]]]>
            </line>
            <line>
              <![CDATA[Click on Shopping cart link[[ChromeDriver: chrome on WINDOWS (dcae3a5b5d54f25ac99c73d5bdcb840b)] -> xpath: //button[contains(text(),'Go to cart')]]]]>
            </line>
            <line>
              <![CDATA[Verify shopping cart text[[ChromeDriver: chrome on WINDOWS (dcae3a5b5d54f25ac99c73d5bdcb840b)] -> xpath: //div[@class='page-title']/h1[contains(text(),'Shopping cart')]]]]>
            </line>
            <line>
              <![CDATA[verify Product Quantity[[ChromeDriver: chrome on WINDOWS (dcae3a5b5d54f25ac99c73d5bdcb840b)] -> xpath: //td[@class='quantity']/child::input]]]>
            </line>
            <line>
              <![CDATA[Verify total Price[[ChromeDriver: chrome on WINDOWS (dcae3a5b5d54f25ac99c73d5bdcb840b)] -> xpath: //tbody/tr[1]/td[6]/span[1]]]]>
            </line>
            <line>
              <![CDATA[Click Term Of Services[[ChromeDriver: chrome on WINDOWS (dcae3a5b5d54f25ac99c73d5bdcb840b)] -> xpath: //tbody/tr[1]/td[6]/span[1]]]]>
            </line>
            <line>
              <![CDATA[Click On Check out[[ChromeDriver: chrome on WINDOWS (dcae3a5b5d54f25ac99c73d5bdcb840b)] -> xpath: //button[@id='checkout']]]]>
            </line>
            <line>
              <![CDATA[Verify WelCome Text[[ChromeDriver: chrome on WINDOWS (dcae3a5b5d54f25ac99c73d5bdcb840b)] -> xpath: //h1[text()='Welcome, Please Sign In!']]]]>
            </line>
            <line>
              <![CDATA[click On As Register Button[[ChromeDriver: chrome on WINDOWS (dcae3a5b5d54f25ac99c73d5bdcb840b)] -> xpath: //button[contains(text(),'Register')]]]]>
            </line>
            <line>
              <![CDATA[verify Register Text[[ChromeDriver: chrome on WINDOWS (dcae3a5b5d54f25ac99c73d5bdcb840b)] -> xpath: //h1[contains(text(),'Register')]]]]>
            </line>
            <line>
              <![CDATA[Enter First Name[[ChromeDriver: chrome on WINDOWS (dcae3a5b5d54f25ac99c73d5bdcb840b)] -> id: FirstName]]]>
            </line>
            <line>
              <![CDATA[Enter Last Name[[ChromeDriver: chrome on WINDOWS (dcae3a5b5d54f25ac99c73d5bdcb840b)] -> id: LastName]]]>
            </line>
            <line>
              <![CDATA[Enter Email[[ChromeDriver: chrome on WINDOWS (dcae3a5b5d54f25ac99c73d5bdcb840b)] -> id: Email]]]>
            </line>
            <line>
              <![CDATA[Enter Password[[ChromeDriver: chrome on WINDOWS (dcae3a5b5d54f25ac99c73d5bdcb840b)] -> id: Password]]]>
            </line>
            <line>
              <![CDATA[Enter Confirm Password[[ChromeDriver: chrome on WINDOWS (dcae3a5b5d54f25ac99c73d5bdcb840b)] -> id: ConfirmPassword]]]>
            </line>
            <line>
              <![CDATA[Click on Register button[[ChromeDriver: chrome on WINDOWS (dcae3a5b5d54f25ac99c73d5bdcb840b)] -> id: register-button]]]>
            </line>
            <line>
              <![CDATA[Registration Page TextProxy element for: DefaultElementLocator 'By.xpath: //div[contains(text(),'Your registration completed')]']]>
            </line>
            <line>
              <![CDATA[Click to see screenshot]]>
            </line>
            <line>
              <![CDATA[<a target = "_blank" href=C:\Users\sunil\IdeaProjects\nopcommerce-page-factory-sunil/test-output/html/verifyThatTheProductAddedSuccessfullyAndPlaceOrderSuccessfullyTue_Dec_13_23_12_41_AEST_2022.jpg>Screenshot</a>]]>
            </line>
            <line>
              <![CDATA[<br>]]>
            </line>
            <line>
              <![CDATA[<br>]]>
            </line>
            <line>
              <![CDATA[<a target = "_blank" href=C:\Users\sunil\IdeaProjects\nopcommerce-page-factory-sunil/test-output/html/verifyThatTheProductAddedSuccessfullyAndPlaceOrderSuccessfullyTue_Dec_13_23_12_41_AEST_2022.jpg><img src=C:\Users\sunil\IdeaProjects\nopcommerce-page-factory-sunil/test-output/html/verifyThatTheProductAddedSuccessfullyAndPlaceOrderSuccessfullyTue_Dec_13_23_12_41_AEST_2022.jpg height=200 width=200></img></a>]]>
            </line>
          </reporter-output>
        </test-method> <!-- verifyThatTheProductAddedSuccessfullyAndPlaceOrderSuccessfully -->
        <test-method status="PASS" signature="tearDown()[pri:0, instance:com.nopcommerce.demo.testsuite.ElectronicsTest@4d1b0d2a]" name="tearDown" is-config="true" duration-ms="702" started-at="2022-12-13T23:12:41 AEST" finished-at="2022-12-13T23:12:42 AEST">
          <reporter-output>
          </reporter-output>
        </test-method> <!-- tearDown -->
      </class> <!-- com.nopcommerce.demo.testsuite.ElectronicsTest -->
    </test> <!-- smoke Test -->
  </suite> <!-- smoke testsuite -->
</testng-results>
