<?xml version="1.0" encoding="UTF-8"?>
<!-- Generated by org.testng.reporters.JUnitReportReporter -->
<testsuite skipped="0" hostname="DESKTOP-Q44GKQB" name="com.nopcommerce.demo.testsuite.ElectronicsTest" tests="1" failures="0" timestamp="2022-12-13T23:13:20 AEST" time="52.538" errors="1">
  <testcase name="verifyThatTheProductAddedSuccessfullyAndPlaceOrderSuccessfully" time="52.538" classname="com.nopcommerce.demo.testsuite.ElectronicsTest">
    <error type="org.openqa.selenium.NoSuchElementException" message="no such element: Unable to locate element: {&quot;method&quot;:&quot;xpath&quot;,&quot;selector&quot;:&quot;//div[contains(text(),&#039;Your registration completed&#039;)]&quot;}
  (Session info: chrome=108.0.5359.99)
For documentation on this error, please visit: https://selenium.dev/exceptions/#no_such_element
Build info: version: &#039;4.6.0&#039;, revision: &#039;79f1c02ae20&#039;
System info: os.name: &#039;Windows 10&#039;, os.arch: &#039;amd64&#039;, os.version: &#039;10.0&#039;, java.version: &#039;1.8.0_121&#039;
Driver info: org.openqa.selenium.chrome.ChromeDriver
Command: [dcae3a5b5d54f25ac99c73d5bdcb840b, findElement {using=xpath, value=//div[contains(text(),&#039;Your registration completed&#039;)]}]
Capabilities {acceptInsecureCerts: false, browserName: chrome, browserVersion: 108.0.5359.99, chrome: {chromedriverVersion: 108.0.5359.71 (1e0e3868ee06..., userDataDir: C:\Users\sunil\AppData\Loca...}, goog:chromeOptions: {debuggerAddress: localhost:55449}, networkConnectionEnabled: false, pageLoadStrategy: normal, platformName: WINDOWS, proxy: Proxy(), se:cdp: ws://localhost:55449/devtoo..., se:cdpVersion: 108.0.5359.99, setWindowRect: true, strictFileInteractability: false, timeouts: {implicit: 0, pageLoad: 300000, script: 30000}, unhandledPromptBehavior: dismiss and notify, webauthn:extension:credBlob: true, webauthn:extension:largeBlob: true, webauthn:virtualAuthenticators: true}
Session ID: dcae3a5b5d54f25ac99c73d5bdcb840b">
      <![CDATA[org.openqa.selenium.NoSuchElementException: no such element: Unable to locate element: {"method":"xpath","selector":"//div[contains(text(),'Your registration completed')]"}
  (Session info: chrome=108.0.5359.99)
For documentation on this error, please visit: https://selenium.dev/exceptions/#no_such_element
Build info: version: '4.6.0', revision: '79f1c02ae20'
System info: os.name: 'Windows 10', os.arch: 'amd64', os.version: '10.0', java.version: '1.8.0_121'
Driver info: org.openqa.selenium.chrome.ChromeDriver
Command: [dcae3a5b5d54f25ac99c73d5bdcb840b, findElement {using=xpath, value=//div[contains(text(),'Your registration completed')]}]
Capabilities {acceptInsecureCerts: false, browserName: chrome, browserVersion: 108.0.5359.99, chrome: {chromedriverVersion: 108.0.5359.71 (1e0e3868ee06..., userDataDir: C:\Users\sunil\AppData\Loca...}, goog:chromeOptions: {debuggerAddress: localhost:55449}, networkConnectionEnabled: false, pageLoadStrategy: normal, platformName: WINDOWS, proxy: Proxy(), se:cdp: ws://localhost:55449/devtoo..., se:cdpVersion: 108.0.5359.99, setWindowRect: true, strictFileInteractability: false, timeouts: {implicit: 0, pageLoad: 300000, script: 30000}, unhandledPromptBehavior: dismiss and notify, webauthn:extension:credBlob: true, webauthn:extension:largeBlob: true, webauthn:virtualAuthenticators: true}
Session ID: dcae3a5b5d54f25ac99c73d5bdcb840b
at sun.reflect.NativeConstructorAccessorImpl.newInstance0(Native Method)
at sun.reflect.NativeConstructorAccessorImpl.newInstance(NativeConstructorAccessorImpl.java:62)
at sun.reflect.DelegatingConstructorAccessorImpl.newInstance(DelegatingConstructorAccessorImpl.java:45)
at java.lang.reflect.Constructor.newInstance(Constructor.java:423)
at org.openqa.selenium.remote.codec.w3c.W3CHttpResponseCodec.createException(W3CHttpResponseCodec.java:200)
at org.openqa.selenium.remote.codec.w3c.W3CHttpResponseCodec.decode(W3CHttpResponseCodec.java:133)
at org.openqa.selenium.remote.codec.w3c.W3CHttpResponseCodec.decode(W3CHttpResponseCodec.java:53)
at org.openqa.selenium.remote.HttpCommandExecutor.execute(HttpCommandExecutor.java:184)
at org.openqa.selenium.remote.service.DriverCommandExecutor.invokeExecute(DriverCommandExecutor.java:167)
at org.openqa.selenium.remote.service.DriverCommandExecutor.execute(DriverCommandExecutor.java:142)
at org.openqa.selenium.remote.RemoteWebDriver.execute(RemoteWebDriver.java:541)
at org.openqa.selenium.remote.ElementLocation$ElementFinder$2.findElement(ElementLocation.java:162)
at org.openqa.selenium.remote.ElementLocation.findElement(ElementLocation.java:60)
at org.openqa.selenium.remote.RemoteWebDriver.findElement(RemoteWebDriver.java:365)
at org.openqa.selenium.remote.RemoteWebDriver.findElement(RemoteWebDriver.java:357)
at org.openqa.selenium.support.pagefactory.DefaultElementLocator.findElement(DefaultElementLocator.java:70)
at org.openqa.selenium.support.pagefactory.internal.LocatingElementHandler.invoke(LocatingElementHandler.java:39)
at com.sun.proxy.$Proxy15.getText(Unknown Source)
at com.nopcommerce.demo.utility.Utility.getTextFromElement(Utility.java:78)
at com.nopcommerce.demo.pages.RegisterPage.verifyRegistrationText(RegisterPage.java:84)
at com.nopcommerce.demo.testsuite.ElectronicsTest.verifyThatTheProductAddedSuccessfullyAndPlaceOrderSuccessfully(ElectronicsTest.java:80)
at sun.reflect.NativeMethodAccessorImpl.invoke0(Native Method)
at sun.reflect.NativeMethodAccessorImpl.invoke(NativeMethodAccessorImpl.java:62)
at sun.reflect.DelegatingMethodAccessorImpl.invoke(DelegatingMethodAccessorImpl.java:43)
at java.lang.reflect.Method.invoke(Method.java:498)
at org.testng.internal.invokers.MethodInvocationHelper.invokeMethod(MethodInvocationHelper.java:135)
at org.testng.internal.invokers.TestInvoker.invokeMethod(TestInvoker.java:673)
at org.testng.internal.invokers.TestInvoker.invokeTestMethod(TestInvoker.java:220)
at org.testng.internal.invokers.MethodRunner.runInSequence(MethodRunner.java:50)
at org.testng.internal.invokers.TestInvoker$MethodInvocationAgent.invoke(TestInvoker.java:945)
at org.testng.internal.invokers.TestInvoker.invokeTestMethods(TestInvoker.java:193)
at org.testng.internal.invokers.TestMethodWorker.invokeTestMethods(TestMethodWorker.java:146)
at org.testng.internal.invokers.TestMethodWorker.run(TestMethodWorker.java:128)
at java.util.ArrayList.forEach(ArrayList.java:1249)
at org.testng.TestRunner.privateRun(TestRunner.java:808)
at org.testng.TestRunner.run(TestRunner.java:603)
at org.testng.SuiteRunner.runTest(SuiteRunner.java:429)
at org.testng.SuiteRunner.runSequentially(SuiteRunner.java:423)
at org.testng.SuiteRunner.privateRun(SuiteRunner.java:383)
at org.testng.SuiteRunner.run(SuiteRunner.java:326)
at org.testng.SuiteRunnerWorker.runSuite(SuiteRunnerWorker.java:52)
at org.testng.SuiteRunnerWorker.run(SuiteRunnerWorker.java:95)
at org.testng.TestNG.runSuitesSequentially(TestNG.java:1249)
at org.testng.TestNG.runSuitesLocally(TestNG.java:1169)
at org.testng.TestNG.runSuites(TestNG.java:1092)
at org.testng.TestNG.run(TestNG.java:1060)
at com.intellij.rt.testng.IDEARemoteTestNG.run(IDEARemoteTestNG.java:66)
at com.intellij.rt.testng.RemoteTestNGStarter.main(RemoteTestNGStarter.java:109)
]]>
    </error>
  </testcase> <!-- verifyThatTheProductAddedSuccessfullyAndPlaceOrderSuccessfully -->
  <system-out>
    <![CDATA[Mouse Hover On Electronics[[ChromeDriver: chrome on WINDOWS (dcae3a5b5d54f25ac99c73d5bdcb840b)] -> xpath: //div/ul[@class='top-menu notmobile']/li[2]/a[@href='/electronics']]
Click On Cell Phone[[ChromeDriver: chrome on WINDOWS (dcae3a5b5d54f25ac99c73d5bdcb840b)] -> xpath: //body[1]/div[6]/div[2]/ul[1]/li[2]/ul[1]/li[2]/a[1]]
Get Text cell Phones[[ChromeDriver: chrome on WINDOWS (dcae3a5b5d54f25ac99c73d5bdcb840b)] -> xpath: //div[@class='page-title']/h1[text() = 'Cell phones']]
Click On List View[[ChromeDriver: chrome on WINDOWS (dcae3a5b5d54f25ac99c73d5bdcb840b)] -> xpath: //div/a[text()='List']]
Click On Nokia Lumia[[ChromeDriver: chrome on WINDOWS (dcae3a5b5d54f25ac99c73d5bdcb840b)] -> xpath: //h2/a[text()='Nokia Lumia 1020']]
Verify Nokia Lumia Text[[ChromeDriver: chrome on WINDOWS (dcae3a5b5d54f25ac99c73d5bdcb840b)] -> xpath: //h1[contains(text(),'Nokia Lumia 1020')]]
Verify Nokia Price[[ChromeDriver: chrome on WINDOWS (dcae3a5b5d54f25ac99c73d5bdcb840b)] -> xpath: //span[@id='price-value-20']]
Change Quantity
Click on Cart[[ChromeDriver: chrome on WINDOWS (dcae3a5b5d54f25ac99c73d5bdcb840b)] -> css selector: #add-to-cart-button-20]
Product Added To The Cart Message[[ChromeDriver: chrome on WINDOWS (dcae3a5b5d54f25ac99c73d5bdcb840b)] -> xpath: //body/div[@id='bar-notification']/div[1]/p[1]]
Click on Cross Button[[ChromeDriver: chrome on WINDOWS (dcae3a5b5d54f25ac99c73d5bdcb840b)] -> xpath: //body/div[@id='bar-notification']/div[1]/span[1]]
Click on Shopping cart link[[ChromeDriver: chrome on WINDOWS (dcae3a5b5d54f25ac99c73d5bdcb840b)] -> xpath: //button[contains(text(),'Go to cart')]]
Verify shopping cart text[[ChromeDriver: chrome on WINDOWS (dcae3a5b5d54f25ac99c73d5bdcb840b)] -> xpath: //div[@class='page-title']/h1[contains(text(),'Shopping cart')]]
verify Product Quantity[[ChromeDriver: chrome on WINDOWS (dcae3a5b5d54f25ac99c73d5bdcb840b)] -> xpath: //td[@class='quantity']/child::input]
Verify total Price[[ChromeDriver: chrome on WINDOWS (dcae3a5b5d54f25ac99c73d5bdcb840b)] -> xpath: //tbody/tr[1]/td[6]/span[1]]
Click Term Of Services[[ChromeDriver: chrome on WINDOWS (dcae3a5b5d54f25ac99c73d5bdcb840b)] -> xpath: //tbody/tr[1]/td[6]/span[1]]
Click On Check out[[ChromeDriver: chrome on WINDOWS (dcae3a5b5d54f25ac99c73d5bdcb840b)] -> xpath: //button[@id='checkout']]
Verify WelCome Text[[ChromeDriver: chrome on WINDOWS (dcae3a5b5d54f25ac99c73d5bdcb840b)] -> xpath: //h1[text()='Welcome, Please Sign In!']]
click On As Register Button[[ChromeDriver: chrome on WINDOWS (dcae3a5b5d54f25ac99c73d5bdcb840b)] -> xpath: //button[contains(text(),'Register')]]
verify Register Text[[ChromeDriver: chrome on WINDOWS (dcae3a5b5d54f25ac99c73d5bdcb840b)] -> xpath: //h1[contains(text(),'Register')]]
Enter First Name[[ChromeDriver: chrome on WINDOWS (dcae3a5b5d54f25ac99c73d5bdcb840b)] -> id: FirstName]
Enter Last Name[[ChromeDriver: chrome on WINDOWS (dcae3a5b5d54f25ac99c73d5bdcb840b)] -> id: LastName]
Enter Email[[ChromeDriver: chrome on WINDOWS (dcae3a5b5d54f25ac99c73d5bdcb840b)] -> id: Email]
Enter Password[[ChromeDriver: chrome on WINDOWS (dcae3a5b5d54f25ac99c73d5bdcb840b)] -> id: Password]
Enter Confirm Password[[ChromeDriver: chrome on WINDOWS (dcae3a5b5d54f25ac99c73d5bdcb840b)] -> id: ConfirmPassword]
Click on Register button[[ChromeDriver: chrome on WINDOWS (dcae3a5b5d54f25ac99c73d5bdcb840b)] -> id: register-button]
Registration Page TextProxy element for: DefaultElementLocator 'By.xpath: //div[contains(text(),'Your registration completed')]'
Click to see screenshot
<a target = "_blank" href=C:\Users\sunil\IdeaProjects\nopcommerce-page-factory-sunil/test-output/html/verifyThatTheProductAddedSuccessfullyAndPlaceOrderSuccessfullyTue_Dec_13_23_12_41_AEST_2022.jpg>Screenshot</a>
<br>
<br>
<a target = "_blank" href=C:\Users\sunil\IdeaProjects\nopcommerce-page-factory-sunil/test-output/html/verifyThatTheProductAddedSuccessfullyAndPlaceOrderSuccessfullyTue_Dec_13_23_12_41_AEST_2022.jpg><img src=C:\Users\sunil\IdeaProjects\nopcommerce-page-factory-sunil/test-output/html/verifyThatTheProductAddedSuccessfullyAndPlaceOrderSuccessfullyTue_Dec_13_23_12_41_AEST_2022.jpg height=200 width=200></img></a>]]>
  </system-out>
</testsuite> <!-- com.nopcommerce.demo.testsuite.ElectronicsTest -->
