<?xml version="1.0" encoding="UTF-8"?>
<!-- Generated by org.testng.reporters.JUnitReportReporter -->
<testsuite skipped="0" hostname="DESKTOP-Q44GKQB" name="com.nopcommerce.demo.testsuite.ComputerTest" tests="1" failures="0" timestamp="2022-12-13T23:13:20 AEST" time="32.037" errors="1">
  <testcase name="verifyProductAddedToShoppingCartSuccessFully" time="32.037" classname="com.nopcommerce.demo.testsuite.ComputerTest">
    <error type="org.openqa.selenium.ElementNotInteractableException" message="element not interactable
  (Session info: chrome=108.0.5359.99)
Build info: version: &#039;4.6.0&#039;, revision: &#039;79f1c02ae20&#039;
System info: os.name: &#039;Windows 10&#039;, os.arch: &#039;amd64&#039;, os.version: &#039;10.0&#039;, java.version: &#039;1.8.0_121&#039;
Driver info: org.openqa.selenium.chrome.ChromeDriver
Command: [88383d3e745bd31af2e9be64eab7e709, clickElement {id=5ca0bf53-5513-4175-acca-2b2dbe2d4c46}]
Capabilities {acceptInsecureCerts: false, browserName: chrome, browserVersion: 108.0.5359.99, chrome: {chromedriverVersion: 108.0.5359.71 (1e0e3868ee06..., userDataDir: C:\Users\sunil\AppData\Loca...}, goog:chromeOptions: {debuggerAddress: localhost:55645}, networkConnectionEnabled: false, pageLoadStrategy: normal, platformName: WINDOWS, proxy: Proxy(), se:cdp: ws://localhost:55645/devtoo..., se:cdpVersion: 108.0.5359.99, setWindowRect: true, strictFileInteractability: false, timeouts: {implicit: 0, pageLoad: 300000, script: 30000}, unhandledPromptBehavior: dismiss and notify, webauthn:extension:credBlob: true, webauthn:extension:largeBlob: true, webauthn:virtualAuthenticators: true}
Element: [[ChromeDriver: chrome on WINDOWS (88383d3e745bd31af2e9be64eab7e709)] -&gt; xpath: //button[contains(text(),&#039;Go to cart&#039;)]]
Session ID: 88383d3e745bd31af2e9be64eab7e709">
      <![CDATA[org.openqa.selenium.ElementNotInteractableException: element not interactable
  (Session info: chrome=108.0.5359.99)
Build info: version: '4.6.0', revision: '79f1c02ae20'
System info: os.name: 'Windows 10', os.arch: 'amd64', os.version: '10.0', java.version: '1.8.0_121'
Driver info: org.openqa.selenium.chrome.ChromeDriver
Command: [88383d3e745bd31af2e9be64eab7e709, clickElement {id=5ca0bf53-5513-4175-acca-2b2dbe2d4c46}]
Capabilities {acceptInsecureCerts: false, browserName: chrome, browserVersion: 108.0.5359.99, chrome: {chromedriverVersion: 108.0.5359.71 (1e0e3868ee06..., userDataDir: C:\Users\sunil\AppData\Loca...}, goog:chromeOptions: {debuggerAddress: localhost:55645}, networkConnectionEnabled: false, pageLoadStrategy: normal, platformName: WINDOWS, proxy: Proxy(), se:cdp: ws://localhost:55645/devtoo..., se:cdpVersion: 108.0.5359.99, setWindowRect: true, strictFileInteractability: false, timeouts: {implicit: 0, pageLoad: 300000, script: 30000}, unhandledPromptBehavior: dismiss and notify, webauthn:extension:credBlob: true, webauthn:extension:largeBlob: true, webauthn:virtualAuthenticators: true}
Element: [[ChromeDriver: chrome on WINDOWS (88383d3e745bd31af2e9be64eab7e709)] -> xpath: //button[contains(text(),'Go to cart')]]
Session ID: 88383d3e745bd31af2e9be64eab7e709
at sun.reflect.NativeConstructorAccessorImpl.newInstance0(Native Method)
at sun.reflect.NativeConstructorAccessorImpl.newInstance(NativeConstructorAccessorImpl.java:62)
at sun.reflect.DelegatingConstructorAccessorImpl.newInstance(DelegatingConstructorAccessorImpl.java:45)
at java.lang.reflect.Constructor.newInstance(Constructor.java:423)
at org.openqa.selenium.remote.codec.w3c.W3CHttpResponseCodec.createException(W3CHttpResponseCodec.java:200)
at org.openqa.selenium.remote.codec.w3c.W3CHttpResponseCodec.decode(W3CHttpResponseCodec.java:133)
at org.openqa.selenium.remote.codec.w3c.W3CHttpResponseCodec.decode(W3CHttpResponseCodec.java:53)
at org.openqa.selenium.remote.HttpCommandExecutor.execute(HttpCommandExecutor.java:184)
at org.openqa.selenium.remote.service.DriverCommandExecutor.invokeExecute(DriverCommandExecutor.java:167)
at org.openqa.selenium.remote.service.DriverCommandExecutor.execute(DriverCommandExecutor.java:142)
at org.openqa.selenium.remote.RemoteWebDriver.execute(RemoteWebDriver.java:541)
at org.openqa.selenium.remote.RemoteWebElement.execute(RemoteWebElement.java:257)
at org.openqa.selenium.remote.RemoteWebElement.click(RemoteWebElement.java:78)
at sun.reflect.GeneratedMethodAccessor2.invoke(Unknown Source)
at sun.reflect.DelegatingMethodAccessorImpl.invoke(DelegatingMethodAccessorImpl.java:43)
at java.lang.reflect.Method.invoke(Method.java:498)
at org.openqa.selenium.support.pagefactory.internal.LocatingElementHandler.invoke(LocatingElementHandler.java:52)
at com.sun.proxy.$Proxy15.click(Unknown Source)
at com.nopcommerce.demo.utility.Utility.clickOnElement(Utility.java:67)
at com.nopcommerce.demo.pages.BuildYourOwnComputerPage.clickOnShoppingCart(BuildYourOwnComputerPage.java:129)
at com.nopcommerce.demo.testsuite.ComputerTest.verifyProductAddedToShoppingCartSuccessFully(ComputerTest.java:71)
at sun.reflect.NativeMethodAccessorImpl.invoke0(Native Method)
at sun.reflect.NativeMethodAccessorImpl.invoke(NativeMethodAccessorImpl.java:62)
at sun.reflect.DelegatingMethodAccessorImpl.invoke(DelegatingMethodAccessorImpl.java:43)
at java.lang.reflect.Method.invoke(Method.java:498)
at org.testng.internal.invokers.MethodInvocationHelper.invokeMethod(MethodInvocationHelper.java:135)
at org.testng.internal.invokers.TestInvoker.invokeMethod(TestInvoker.java:673)
at org.testng.internal.invokers.TestInvoker.invokeTestMethod(TestInvoker.java:220)
at org.testng.internal.invokers.MethodRunner.runInSequence(MethodRunner.java:50)
at org.testng.internal.invokers.TestInvoker$MethodInvocationAgent.invoke(TestInvoker.java:945)
at org.testng.internal.invokers.TestInvoker.invokeTestMethods(TestInvoker.java:193)
at org.testng.internal.invokers.TestMethodWorker.invokeTestMethods(TestMethodWorker.java:146)
at org.testng.internal.invokers.TestMethodWorker.run(TestMethodWorker.java:128)
at java.util.ArrayList.forEach(ArrayList.java:1249)
at org.testng.TestRunner.privateRun(TestRunner.java:808)
at org.testng.TestRunner.run(TestRunner.java:603)
at org.testng.SuiteRunner.runTest(SuiteRunner.java:429)
at org.testng.SuiteRunner.runSequentially(SuiteRunner.java:423)
at org.testng.SuiteRunner.privateRun(SuiteRunner.java:383)
at org.testng.SuiteRunner.run(SuiteRunner.java:326)
at org.testng.SuiteRunnerWorker.runSuite(SuiteRunnerWorker.java:52)
at org.testng.SuiteRunnerWorker.run(SuiteRunnerWorker.java:95)
at org.testng.TestNG.runSuitesSequentially(TestNG.java:1249)
at org.testng.TestNG.runSuitesLocally(TestNG.java:1169)
at org.testng.TestNG.runSuites(TestNG.java:1092)
at org.testng.TestNG.run(TestNG.java:1060)
at com.intellij.rt.testng.IDEARemoteTestNG.run(IDEARemoteTestNG.java:66)
at com.intellij.rt.testng.RemoteTestNGStarter.main(RemoteTestNGStarter.java:109)
]]>
    </error>
  </testcase> <!-- verifyProductAddedToShoppingCartSuccessFully -->
  <system-out>
    <![CDATA[selectMenu
Click on desktop[[ChromeDriver: chrome on WINDOWS (88383d3e745bd31af2e9be64eab7e709)] -> link text: Desktops]
Select Sort By Name[[ChromeDriver: chrome on WINDOWS (88383d3e745bd31af2e9be64eab7e709)] -> name: products-orderby]
Click On Add To Cart[[ChromeDriver: chrome on WINDOWS (88383d3e745bd31af2e9be64eab7e709)] -> xpath: //body/div[6]/div[3]/div[1]/div[3]/div[1]/div[2]/div[2]/div[2]/div[1]/div[1]/div[1]/div[1]/div[1]/a[1]/img[1]]
Get Text Message[[ChromeDriver: chrome on WINDOWS (88383d3e745bd31af2e9be64eab7e709)] -> xpath: //h1[contains(text(),'Build your own computer')]]
Select on Processor Name[[ChromeDriver: chrome on WINDOWS (88383d3e745bd31af2e9be64eab7e709)] -> name: product_attribute_1]
Select Ram[[ChromeDriver: chrome on WINDOWS (88383d3e745bd31af2e9be64eab7e709)] -> name: product_attribute_2]
Select HDD[[ChromeDriver: chrome on WINDOWS (88383d3e745bd31af2e9be64eab7e709)] -> xpath: //input[@id='product_attribute_3_7']]
Select OS[[ChromeDriver: chrome on WINDOWS (88383d3e745bd31af2e9be64eab7e709)] -> xpath: //input[@id='product_attribute_4_9']]
Select software[[ChromeDriver: chrome on WINDOWS (88383d3e745bd31af2e9be64eab7e709)] -> xpath: //input[@id='product_attribute_5_12']]
Verify Price[[ChromeDriver: chrome on WINDOWS (88383d3e745bd31af2e9be64eab7e709)] -> xpath: //span[text() = '$1,475.00']]
Click on Cart Button[[ChromeDriver: chrome on WINDOWS (88383d3e745bd31af2e9be64eab7e709)] -> xpath: //button[@id='add-to-cart-button-1']]
Verify Message on Top Green Bar[[ChromeDriver: chrome on WINDOWS (88383d3e745bd31af2e9be64eab7e709)] -> xpath: //body[1]/div[5]/div[1]/p[1]]
Click on Close Bar[[ChromeDriver: chrome on WINDOWS (88383d3e745bd31af2e9be64eab7e709)] -> xpath: //body[1]/div[5]/div[1]/span[1]]
Mouse Hover On Shopping Cart[[ChromeDriver: chrome on WINDOWS (88383d3e745bd31af2e9be64eab7e709)] -> xpath: //span[contains(text(),'Shopping cart')]]
Click On Shopping Cart[[ChromeDriver: chrome on WINDOWS (88383d3e745bd31af2e9be64eab7e709)] -> xpath: //button[contains(text(),'Go to cart')]]
Click to see screenshot
<a target = "_blank" href=C:\Users\sunil\IdeaProjects\nopcommerce-page-factory-sunil/test-output/html/verifyProductAddedToShoppingCartSuccessFullyTue_Dec_13_23_13_18_AEST_2022.jpg>Screenshot</a>
<br>
<br>
<a target = "_blank" href=C:\Users\sunil\IdeaProjects\nopcommerce-page-factory-sunil/test-output/html/verifyProductAddedToShoppingCartSuccessFullyTue_Dec_13_23_13_18_AEST_2022.jpg><img src=C:\Users\sunil\IdeaProjects\nopcommerce-page-factory-sunil/test-output/html/verifyProductAddedToShoppingCartSuccessFullyTue_Dec_13_23_13_18_AEST_2022.jpg height=200 width=200></img></a>]]>
  </system-out>
</testsuite> <!-- com.nopcommerce.demo.testsuite.ComputerTest -->
